Using pre-set license
Built from '6000.0/staging' branch; Version is '6000.0.31f1 (a206c360e2a8) revision 10618563'; Using compiler version '193933523'; Build Type 'Release'
OS: 'Windows 11  (10.0.26100) 64bit Core' Language: 'en' Physical Memory: 20187 MB
BatchMode: 1, IsHumanControllingUs: 0, StartBugReporterOnCrash: 0, Is64bit: 1, IsPro: 1

COMMAND LINE ARGUMENTS:
C:\Program Files\Unity\Hub\Editor\6000.0.31f1\Editor\Unity.exe
-adb2
-batchMode
-noUpm
-name
AssetImportWorker2
-projectPath
C:/Users/LOQ/ASM
-logFile
Logs/AssetImportWorker2.log
-srvPort
51569
-job-worker-count
5
-background-job-worker-count
8
-gc-helper-count
1
Successfully changed project path to: C:/Users/LOQ/ASM
C:/Users/LOQ/ASM
[UnityMemory] Configuration Parameters - Can be set up in boot.config
    "memorysetup-bucket-allocator-granularity=16"
    "memorysetup-bucket-allocator-bucket-count=8"
    "memorysetup-bucket-allocator-block-size=33554432"
    "memorysetup-bucket-allocator-block-count=8"
    "memorysetup-main-allocator-block-size=16777216"
    "memorysetup-thread-allocator-block-size=16777216"
    "memorysetup-gfx-main-allocator-block-size=16777216"
    "memorysetup-gfx-thread-allocator-block-size=16777216"
    "memorysetup-cache-allocator-block-size=4194304"
    "memorysetup-typetree-allocator-block-size=2097152"
    "memorysetup-profiler-bucket-allocator-granularity=16"
    "memorysetup-profiler-bucket-allocator-bucket-count=8"
    "memorysetup-profiler-bucket-allocator-block-size=33554432"
    "memorysetup-profiler-bucket-allocator-block-count=8"
    "memorysetup-profiler-allocator-block-size=16777216"
    "memorysetup-profiler-editor-allocator-block-size=1048576"
    "memorysetup-temp-allocator-size-main=16777216"
    "memorysetup-job-temp-allocator-block-size=2097152"
    "memorysetup-job-temp-allocator-block-size-background=1048576"
    "memorysetup-job-temp-allocator-reduction-small-platforms=262144"
    "memorysetup-allocator-temp-initial-block-size-main=262144"
    "memorysetup-allocator-temp-initial-block-size-worker=262144"
    "memorysetup-temp-allocator-size-background-worker=32768"
    "memorysetup-temp-allocator-size-job-worker=262144"
    "memorysetup-temp-allocator-size-preload-manager=33554432"
    "memorysetup-temp-allocator-size-nav-mesh-worker=65536"
    "memorysetup-temp-allocator-size-audio-worker=65536"
    "memorysetup-temp-allocator-size-cloud-worker=32768"
    "memorysetup-temp-allocator-size-gi-baking-worker=262144"
    "memorysetup-temp-allocator-size-gi-baking-worker=262144"
    "memorysetup-temp-allocator-size-gi-baking-worker=262144"
    "memorysetup-temp-allocator-size-gi-baking-worker=262144"
    "memorysetup-temp-allocator-size-gi-baking-worker=262144"
    "memorysetup-temp-allocator-size-gfx=262144"
Player connection [28976]  Target information:

Player connection [28976]  * "[IP] 192.168.0.101 [Port] 0 [Flags] 2 [Guid] 3387058352 [EditorId] 3387058352 [Version] 1048832 [Id] WindowsEditor(7,Zer0) [Debug] 1 [PackageName] WindowsEditor [ProjectName] Editor" 

Player connection [28976]  * "[IP] 26.235.110.228 [Port] 0 [Flags] 2 [Guid] 3387058352 [EditorId] 3387058352 [Version] 1048832 [Id] WindowsEditor(7,Zer0) [Debug] 1 [PackageName] WindowsEditor [ProjectName] Editor" 

Player connection [28976]  * "[IP] 192.168.0.102 [Port] 0 [Flags] 2 [Guid] 3387058352 [EditorId] 3387058352 [Version] 1048832 [Id] WindowsEditor(7,Zer0) [Debug] 1 [PackageName] WindowsEditor [ProjectName] Editor" 

Player connection [28976] Host joined multi-casting on [225.0.0.222:54997]...
Player connection [28976] Host joined alternative multi-casting on [225.0.0.222:34997]...
JobSystem: Creating JobQueue using job-worker-count value 5
[Physics::Module] Initialized fallback backend.
[Physics::Module] Id: 0xdecafbad
Library Redirect Path: Library/
[Physics::Module] Selected backend.
[Physics::Module] Name: PhysX
[Physics::Module] Id: 0xf2b8ea05
[Physics::Module] SDK Version: 4.1.2
[Physics::Module] Integration Version: 1.0.0
[Physics::Module] Threading Mode: Multi-Threaded
Refreshing native plugins compatible for Editor in 80.17 ms, found 6 plugins.
Preloading 1 native plugins for Editor in 8.16 ms.
Initialize engine version: 6000.0.31f1 (a206c360e2a8)
[Subsystems] Discovering subsystems at path C:/Program Files/Unity/Hub/Editor/6000.0.31f1/Editor/Data/Resources/UnitySubsystems
[Subsystems] Discovering subsystems at path C:/Users/LOQ/ASM/Assets
GfxDevice: creating device client; kGfxThreadingModeNonThreaded
Direct3D:
    Version:  Direct3D 11.0 [level 11.1]
    Renderer: NVIDIA GeForce RTX 3050 6GB Laptop GPU (ID=0x25ec)
    Vendor:   NVIDIA
    VRAM:     6002 MB
    Driver:   32.0.15.7602
Initialize mono
Mono path[0] = 'C:/Program Files/Unity/Hub/Editor/6000.0.31f1/Editor/Data/Managed'
Mono path[1] = 'C:/Program Files/Unity/Hub/Editor/6000.0.31f1/Editor/Data/MonoBleedingEdge/lib/mono/unityjit-win32'
Mono config path = 'C:/Program Files/Unity/Hub/Editor/6000.0.31f1/Editor/Data/MonoBleedingEdge/etc'
Using monoOptions --debugger-agent=transport=dt_socket,embedding=1,server=y,suspend=n,address=127.0.0.1:56992
Begin MonoManager ReloadAssembly
Registering precompiled unity dll's ...
Register platform support module: C:/Program Files/Unity/Hub/Editor/6000.0.31f1/Editor/Data/PlaybackEngines/WindowsStandaloneSupport/UnityEditor.WindowsStandalone.Extensions.dll
Register platform support module: C:/Program Files/Unity/Hub/Editor/6000.0.31f1/Editor/Data/PlaybackEngines/MetroSupport/UnityEditor.UWP.Extensions.dll
Register platform support module: C:/Program Files/Unity/Hub/Editor/6000.0.31f1/Editor/Data/PlaybackEngines/AndroidPlayer/UnityEditor.Android.Extensions.dll
Registered in 0.029646 seconds.
- Loaded All Assemblies, in  1.588 seconds
Native extension for Android target not found
Android Extension - Scanning For ADB Devices 647 ms
Native extension for UWP target not found
Native extension for WindowsStandalone target not found
Mono: successfully reloaded assembly
- Finished resetting the current domain, in  1.680 seconds
Domain Reload Profiling: 3260ms
	BeginReloadAssembly (703ms)
		ExecutionOrderSort (0ms)
		DisableScriptedObjects (0ms)
		BackupInstance (0ms)
		ReleaseScriptingObjects (0ms)
		CreateAndSetChildDomain (10ms)
	RebuildCommonClasses (123ms)
	RebuildNativeTypeToScriptingClass (19ms)
	initialDomainReloadingComplete (226ms)
	LoadAllAssembliesAndSetupDomain (508ms)
		LoadAssemblies (686ms)
		RebuildTransferFunctionScriptingTraits (0ms)
		AnalyzeDomain (492ms)
			TypeCache.Refresh (489ms)
				TypeCache.ScanAssembly (456ms)
			BuildScriptInfoCaches (0ms)
			ResolveRequiredComponents (1ms)
	FinalizeReload (1681ms)
		ReleaseScriptCaches (0ms)
		RebuildScriptCaches (0ms)
		SetupLoadedEditorAssemblies (1572ms)
			LogAssemblyErrors (0ms)
			InitializePlatformSupportModulesInManaged (835ms)
			SetLoadedEditorAssemblies (13ms)
			BeforeProcessingInitializeOnLoad (172ms)
			ProcessInitializeOnLoadAttributes (400ms)
			ProcessInitializeOnLoadMethodAttributes (151ms)
			AfterProcessingInitializeOnLoad (0ms)
			EditorAssembliesLoaded (0ms)
		ExecutionOrderSort2 (0ms)
		AwakeInstancesAfterBackupRestoration (0ms)
Assembly reference Packages/com.unity.cinemachine/Editor/Samples/ExposeHDRPInternals/HDRP-Editor-ref.asmref has no target assembly definition
========================================================================
Worker process is ready to serve import requests
Import Worker Mode flag is 0x00
Assembly reference Packages/com.unity.cinemachine/Editor/Samples/ExposeHDRPInternals/HDRP-Editor-ref.asmref has no target assembly definition
Assembly reference Packages/com.unity.cinemachine/Editor/Samples/ExposeHDRPInternals/HDRP-Editor-ref.asmref has no target assembly definition
Begin MonoManager ReloadAssembly
Symbol file LoadedFromMemory is not a mono symbol file
Symbol file LoadedFromMemory is not a mono symbol file
Symbol file LoadedFromMemory is not a mono symbol file
Symbol file LoadedFromMemory is not a mono symbol file
Symbol file LoadedFromMemory is not a mono symbol file
Symbol file LoadedFromMemory is not a mono symbol file
- Loaded All Assemblies, in  2.354 seconds
Assembly reference Packages/com.unity.cinemachine/Editor/Samples/ExposeHDRPInternals/HDRP-Editor-ref.asmref has no target assembly definition
'Packages/com.unity.cinemachine/Editor/Obsolete/CinemachineVirtualCameraBaseEditor.cs' contains partial class of Unity.Object, exactly 1 of the partial classes needs to be in a file with the same filename. This is to know the one that can be referenced from ie. GameObjects
'Packages/com.unity.cinemachine/Editor/Editors/CinemachineVirtualCameraBaseEditor.cs' contains partial class of Unity.Object, exactly 1 of the partial classes needs to be in a file with the same filename. This is to know the one that can be referenced from ie. GameObjects
'Assets/Photon/Fusion/Runtime/Fusion.Unity.cs' contains partial class of Unity.Object, exactly 1 of the partial classes needs to be in a file with the same filename. This is to know the one that can be referenced from ie. GameObjects
'Assets/Photon/Fusion/Runtime/Fusion.Unity.cs' contains partial class of Unity.Object, exactly 1 of the partial classes needs to be in a file with the same filename. This is to know the one that can be referenced from ie. GameObjects
Refreshing native plugins compatible for Editor in 5.64 ms, found 6 plugins.
Native extension for Android target not found
Native extension for UWP target not found
Native extension for WindowsStandalone target not found
Assembly reference Packages/com.unity.cinemachine/Editor/Samples/ExposeHDRPInternals/HDRP-Editor-ref.asmref has no target assembly definition
Package Manager log level set to [2]
[Package Manager] Failed to launch server process. Reason: Unity was launched with the -noUpm command-line argument
[Package Manager] Unable to send message (not connected to server process).
[Package Manager] Cannot connect to Unity Package Manager local server
Refreshing native plugins compatible for Editor in 14.29 ms, found 6 plugins.
[Package Manager] Failed to launch server process. Reason: Unity was launched with the -noUpm command-line argument
[Package Manager] Unable to send message (not connected to server process).
[Package Manager] Cannot connect to Unity Package Manager local server
[ScriptCompilation] Requested script compilation because: Recompiling scripts with coverage information.
Code Coverage is enabled. Note that Code Coverage can affect the performance of the Editor.
Mono: successfully reloaded assembly
[Package Manager] Failed to launch server process. Reason: Unity was launched with the -noUpm command-line argument
[Package Manager] Unable to send message (not connected to server process).
[Package Manager] Cannot connect to Unity Package Manager local server
[Package Manager] Failed to launch server process. Reason: Unity was launched with the -noUpm command-line argument
[Package Manager] Unable to send message (not connected to server process).
[Package Manager] Cannot connect to Unity Package Manager local server
- Finished resetting the current domain, in  2.408 seconds
Domain Reload Profiling: 4718ms
	BeginReloadAssembly (426ms)
		ExecutionOrderSort (0ms)
		DisableScriptedObjects (8ms)
		BackupInstance (0ms)
		ReleaseScriptingObjects (0ms)
		CreateAndSetChildDomain (68ms)
	RebuildCommonClasses (79ms)
	RebuildNativeTypeToScriptingClass (18ms)
	initialDomainReloadingComplete (92ms)
	LoadAllAssembliesAndSetupDomain (1695ms)
		LoadAssemblies (1334ms)
		RebuildTransferFunctionScriptingTraits (0ms)
		AnalyzeDomain (642ms)
			TypeCache.Refresh (487ms)
				TypeCache.ScanAssembly (457ms)
			BuildScriptInfoCaches (115ms)
			ResolveRequiredComponents (29ms)
	FinalizeReload (2409ms)
		ReleaseScriptCaches (0ms)
		RebuildScriptCaches (0ms)
		SetupLoadedEditorAssemblies (2100ms)
			LogAssemblyErrors (0ms)
			InitializePlatformSupportModulesInManaged (23ms)
			SetLoadedEditorAssemblies (9ms)
			BeforeProcessingInitializeOnLoad (320ms)
			ProcessInitializeOnLoadAttributes (1090ms)
			ProcessInitializeOnLoadMethodAttributes (649ms)
			AfterProcessingInitializeOnLoad (9ms)
			EditorAssembliesLoaded (1ms)
		ExecutionOrderSort2 (0ms)
		AwakeInstancesAfterBackupRestoration (7ms)
Launched and connected shader compiler UnityShaderCompiler.exe after 0.03 seconds
Refreshing native plugins compatible for Editor in 38.50 ms, found 6 plugins.
Preloading 1 native plugins for Editor in 0.14 ms.
Unloading 384 Unused Serialized files (Serialized files now loaded: 0)
Unloading 9747 unused Assets / (21.7 MB). Loaded Objects now: 10472.
Memory consumption went from 248.9 MB to 227.3 MB.
Total: 31.788000 ms (FindLiveObjects: 5.165200 ms CreateObjectMapping: 1.561600 ms MarkObjects: 15.340200 ms  DeleteObjects: 9.718400 ms)

========================================================================
Received Import Request.
  Time since last request: 3718.006811 seconds.
  path: Assets/AnimeNaturalEnvironment/Models/Branches/Branch_01.fbx
  artifactKey: Guid(e8d4128609ac41a4e99add2adda361dc) Importer(815301076,1909f56bfc062723c751e8b465ee728b)
Start importing Assets/AnimeNaturalEnvironment/Models/Branches/Branch_01.fbx using Guid(e8d4128609ac41a4e99add2adda361dc) Importer(815301076,1909f56bfc062723c751e8b465ee728b) (PreviewImporter) -> (artifact id: 'a035a57935f6a3b50711694d571b84f6') in 2.0684294 seconds
Number of updated asset objects reloaded before import = 0Number of asset objects unloaded after import = 18

========================================================================
Received Import Request.
  Time since last request: 1.990352 seconds.
  path: Assets/AnimeNaturalEnvironment/Models/Colliders/BigTree_Colliders.fbx
  artifactKey: Guid(0bbab9d81570dfd40ac0c1ceb830461f) Importer(815301076,1909f56bfc062723c751e8b465ee728b)
Start importing Assets/AnimeNaturalEnvironment/Models/Colliders/BigTree_Colliders.fbx using Guid(0bbab9d81570dfd40ac0c1ceb830461f) Importer(815301076,1909f56bfc062723c751e8b465ee728b) (PreviewImporter) -> (artifact id: '1d951a54124577c8de71e5c22912e59a') in 5.7924241 seconds
Number of updated asset objects reloaded before import = 0Number of asset objects unloaded after import = 7

========================================================================
Received Import Request.
  Time since last request: 0.000033 seconds.
  path: Assets/AnimeNaturalEnvironment/Models/Colliders/Tree_05_Colliders.fbx
  artifactKey: Guid(32de6ad52c19ed04aa867693feacdbf8) Importer(815301076,1909f56bfc062723c751e8b465ee728b)
Start importing Assets/AnimeNaturalEnvironment/Models/Colliders/Tree_05_Colliders.fbx using Guid(32de6ad52c19ed04aa867693feacdbf8) Importer(815301076,1909f56bfc062723c751e8b465ee728b) (PreviewImporter) -> (artifact id: '92d156b24e0dabfa6896ebd2f0c1bda4') in 0.0342753 seconds
Number of updated asset objects reloaded before import = 0Number of asset objects unloaded after import = 7

========================================================================
Received Import Request.
  Time since last request: 0.000037 seconds.
  path: Assets/AnimeNaturalEnvironment/Models/DemoResources/Cliff.fbx
  artifactKey: Guid(9d4c00edefed7c24cb1b84377880d32b) Importer(815301076,1909f56bfc062723c751e8b465ee728b)
Start importing Assets/AnimeNaturalEnvironment/Models/DemoResources/Cliff.fbx using Guid(9d4c00edefed7c24cb1b84377880d32b) Importer(815301076,1909f56bfc062723c751e8b465ee728b) (PreviewImporter) -> (artifact id: 'c4377614d0d50ee626232cb3f6c491b7') in 0.3914507 seconds
Number of updated asset objects reloaded before import = 0Number of asset objects unloaded after import = 9

========================================================================
Received Import Request.
  Time since last request: 0.844948 seconds.
  path: Assets/AnimeNaturalEnvironment/Models/Ground/Ground.fbx
  artifactKey: Guid(d158e188009ead6439d3a55becada6b6) Importer(815301076,1909f56bfc062723c751e8b465ee728b)
Start importing Assets/AnimeNaturalEnvironment/Models/Ground/Ground.fbx using Guid(d158e188009ead6439d3a55becada6b6) Importer(815301076,1909f56bfc062723c751e8b465ee728b) (PreviewImporter) -> (artifact id: '48671e907fb55a4549e4e01b8c589c15') in 0.3273082 seconds
Number of updated asset objects reloaded before import = 0Number of asset objects unloaded after import = 9

========================================================================
Received Import Request.
  Time since last request: 37.667538 seconds.
  path: Assets/AnimeNaturalEnvironment/Models/Plants/Bush_01.fbx
  artifactKey: Guid(8914b60e9b14fb9429834c4ba2059098) Importer(815301076,1909f56bfc062723c751e8b465ee728b)
Start importing Assets/AnimeNaturalEnvironment/Models/Plants/Bush_01.fbx using Guid(8914b60e9b14fb9429834c4ba2059098) Importer(815301076,1909f56bfc062723c751e8b465ee728b) (PreviewImporter) -> (artifact id: '8a94189491b6690afb82b00a96693e3f') in 4.7291291 seconds
Number of updated asset objects reloaded before import = 0Number of asset objects unloaded after import = 23

========================================================================
Received Import Request.
  Time since last request: 4.268954 seconds.
  path: Assets/AnimeNaturalEnvironment/Models/RockStyle2/Boulders/Boulder_01/Boulder_01.mat
  artifactKey: Guid(cb3f11555287afc45b41a148e05e938c) Importer(815301076,1909f56bfc062723c751e8b465ee728b)
Start importing Assets/AnimeNaturalEnvironment/Models/RockStyle2/Boulders/Boulder_01/Boulder_01.mat using Guid(cb3f11555287afc45b41a148e05e938c) Importer(815301076,1909f56bfc062723c751e8b465ee728b) (PreviewImporter) -> (artifact id: '262b8fe9c213f997f3179d4e9c1b4663') in 7.1879571 seconds
Number of updated asset objects reloaded before import = 0Number of asset objects unloaded after import = 4

========================================================================
Received Import Request.
  Time since last request: 0.000086 seconds.
  path: Assets/AnimeNaturalEnvironment/Models/RockStyle2/Rocks/Rock_CB_DefaultMaterial_AlbedoTransparency.png
  artifactKey: Guid(26c5d522505b35b49bb8e44a638e26d3) Importer(815301076,1909f56bfc062723c751e8b465ee728b)
Start importing Assets/AnimeNaturalEnvironment/Models/RockStyle2/Rocks/Rock_CB_DefaultMaterial_AlbedoTransparency.png using Guid(26c5d522505b35b49bb8e44a638e26d3) Importer(815301076,1909f56bfc062723c751e8b465ee728b) (PreviewImporter) -> (artifact id: '2809ac56dddb5c4a27284684798d337c') in 0.0589155 seconds
Number of updated asset objects reloaded before import = 0Number of asset objects unloaded after import = 2

========================================================================
Received Import Request.
  Time since last request: 0.000049 seconds.
  path: Assets/AnimeNaturalEnvironment/Models/RockStyle2/Rocks/Rock_02_Mesh.fbx
  artifactKey: Guid(beae4bb62f696f946a0419b19151a0d2) Importer(815301076,1909f56bfc062723c751e8b465ee728b)
Start importing Assets/AnimeNaturalEnvironment/Models/RockStyle2/Rocks/Rock_02_Mesh.fbx using Guid(beae4bb62f696f946a0419b19151a0d2) Importer(815301076,1909f56bfc062723c751e8b465ee728b) (PreviewImporter) -> (artifact id: '27f26c4a2687a4515e34d154453742d6') in 6.4023488 seconds
Number of updated asset objects reloaded before import = 0Number of asset objects unloaded after import = 10

========================================================================
Received Import Request.
  Time since last request: 0.000084 seconds.
  path: Assets/AnimeNaturalEnvironment/Models/RockStyle2/Rocks/Rock_03_mesh.fbx
  artifactKey: Guid(f30e95d5e7931d747aa04517ce9faeea) Importer(815301076,1909f56bfc062723c751e8b465ee728b)
Start importing Assets/AnimeNaturalEnvironment/Models/RockStyle2/Rocks/Rock_03_mesh.fbx using Guid(f30e95d5e7931d747aa04517ce9faeea) Importer(815301076,1909f56bfc062723c751e8b465ee728b) (PreviewImporter) -> (artifact id: '37a9aaaf1a5f059014615c6304133fbd') in 0.0414859 seconds
Number of updated asset objects reloaded before import = 0Number of asset objects unloaded after import = 10

========================================================================
Received Import Request.
  Time since last request: 0.000113 seconds.
  path: Assets/AnimeNaturalEnvironment/Models/RockStyle2/Rocks/Rock_04_Mesh.fbx
  artifactKey: Guid(573bd71b9fdbf1e448c7026c8a243078) Importer(815301076,1909f56bfc062723c751e8b465ee728b)
Start importing Assets/AnimeNaturalEnvironment/Models/RockStyle2/Rocks/Rock_04_Mesh.fbx using Guid(573bd71b9fdbf1e448c7026c8a243078) Importer(815301076,1909f56bfc062723c751e8b465ee728b) (PreviewImporter) -> (artifact id: 'ee783aaa5748286be51455d79bfe13cc') in 0.0433906 seconds
Number of updated asset objects reloaded before import = 0Number of asset objects unloaded after import = 10

========================================================================
Received Import Request.
  Time since last request: 0.000029 seconds.
  path: Assets/AnimeNaturalEnvironment/Models/Trees/Tree_03.fbx
  artifactKey: Guid(bbb0821cc21ed48468f53f63158c3480) Importer(815301076,1909f56bfc062723c751e8b465ee728b)
Start importing Assets/AnimeNaturalEnvironment/Models/Trees/Tree_03.fbx using Guid(bbb0821cc21ed48468f53f63158c3480) Importer(815301076,1909f56bfc062723c751e8b465ee728b) (PreviewImporter) -> (artifact id: '9fd4231e3788525752f9dd684e6525f2') in 0.1049977 seconds
Number of updated asset objects reloaded before import = 0Number of asset objects unloaded after import = 30

========================================================================
Received Import Request.
  Time since last request: 0.000040 seconds.
  path: Assets/AnimeNaturalEnvironment/Models/Trees/BigTree.fbx
  artifactKey: Guid(d27ab0f2e7a81664a8c42749ab860d5d) Importer(815301076,1909f56bfc062723c751e8b465ee728b)
Start importing Assets/AnimeNaturalEnvironment/Models/Trees/BigTree.fbx using Guid(d27ab0f2e7a81664a8c42749ab860d5d) Importer(815301076,1909f56bfc062723c751e8b465ee728b) (PreviewImporter) -> (artifact id: '843d81bdda4957ab38b9bc4e3ed51876') in 0.1122557 seconds
Number of updated asset objects reloaded before import = 0Number of asset objects unloaded after import = 31

========================================================================
Received Import Request.
  Time since last request: 0.000053 seconds.
  path: Assets/AnimeNaturalEnvironment/Models/Trees/Tree_02.fbx
  artifactKey: Guid(bf37579b29ef0cb4281cb50547db66c8) Importer(815301076,1909f56bfc062723c751e8b465ee728b)
Start importing Assets/AnimeNaturalEnvironment/Models/Trees/Tree_02.fbx using Guid(bf37579b29ef0cb4281cb50547db66c8) Importer(815301076,1909f56bfc062723c751e8b465ee728b) (PreviewImporter) -> (artifact id: '5490608a3a484623a4a6fd64ab25e657') in 0.2056938 seconds
Number of updated asset objects reloaded before import = 0Number of asset objects unloaded after import = 30

========================================================================
Received Import Request.
  Time since last request: 0.000062 seconds.
  path: Assets/AnimeNaturalEnvironment/Models/Trees/Tree_06.fbx
  artifactKey: Guid(f60128e12ef62134a83326598e0298a4) Importer(815301076,1909f56bfc062723c751e8b465ee728b)
Start importing Assets/AnimeNaturalEnvironment/Models/Trees/Tree_06.fbx using Guid(f60128e12ef62134a83326598e0298a4) Importer(815301076,1909f56bfc062723c751e8b465ee728b) (PreviewImporter) -> (artifact id: '9174f5a9849c8ce1f2a937af2b219c1c') in 0.1334416 seconds
Number of updated asset objects reloaded before import = 0Number of asset objects unloaded after import = 30

========================================================================
Received Import Request.
  Time since last request: 0.000053 seconds.
  path: Assets/AnimeNaturalEnvironment/Models/RockStyle2/Rocks/Rock_05_Mesh.fbx
  artifactKey: Guid(76e9c8efaccdfd14e8032bbc17881849) Importer(815301076,1909f56bfc062723c751e8b465ee728b)
Start importing Assets/AnimeNaturalEnvironment/Models/RockStyle2/Rocks/Rock_05_Mesh.fbx using Guid(76e9c8efaccdfd14e8032bbc17881849) Importer(815301076,1909f56bfc062723c751e8b465ee728b) (PreviewImporter) -> (artifact id: '95447eafe6f2e3d196b4566f7b1a35bd') in 0.0481199 seconds
Number of updated asset objects reloaded before import = 0Number of asset objects unloaded after import = 10

========================================================================
Received Import Request.
  Time since last request: 0.000047 seconds.
  path: Assets/AnimeNaturalEnvironment/Models/Trees/Tree_04.fbx
  artifactKey: Guid(66f9965e8090fea4f96b5316840afaa2) Importer(815301076,1909f56bfc062723c751e8b465ee728b)
Start importing Assets/AnimeNaturalEnvironment/Models/Trees/Tree_04.fbx using Guid(66f9965e8090fea4f96b5316840afaa2) Importer(815301076,1909f56bfc062723c751e8b465ee728b) (PreviewImporter) -> (artifact id: 'b48409bdde75a00372ea0336e0eefe17') in 0.1263217 seconds
Number of updated asset objects reloaded before import = 0Number of asset objects unloaded after import = 30

========================================================================
Received Import Request.
  Time since last request: 0.000098 seconds.
  path: Assets/AnimeNaturalEnvironment/Models/RockStyle2/Boulders/Boulder_02/Boulder_02_Mesh.fbx
  artifactKey: Guid(a36d25a6792d7034e93196cad3d620ea) Importer(815301076,1909f56bfc062723c751e8b465ee728b)
Start importing Assets/AnimeNaturalEnvironment/Models/RockStyle2/Boulders/Boulder_02/Boulder_02_Mesh.fbx using Guid(a36d25a6792d7034e93196cad3d620ea) Importer(815301076,1909f56bfc062723c751e8b465ee728b) (PreviewImporter) -> (artifact id: 'b2f6d36ea8c968c09751fc24d5932930') in 0.0972665 seconds
Number of updated asset objects reloaded before import = 0Number of asset objects unloaded after import = 19

========================================================================
Received Import Request.
  Time since last request: 0.000142 seconds.
  path: Assets/AnimeNaturalEnvironment/Models/RockStyle2/Rocks/Rock.mat
  artifactKey: Guid(41350d13453e8cc408e6462b7b4dd824) Importer(815301076,1909f56bfc062723c751e8b465ee728b)
Start importing Assets/AnimeNaturalEnvironment/Models/RockStyle2/Rocks/Rock.mat using Guid(41350d13453e8cc408e6462b7b4dd824) Importer(815301076,1909f56bfc062723c751e8b465ee728b) (PreviewImporter) -> (artifact id: '4c4dd3a3a301fb3b9c1d35cdf56cb134') in 0.0391469 seconds
Number of updated asset objects reloaded before import = 0Number of asset objects unloaded after import = 3

========================================================================
Received Import Request.
  Time since last request: 0.000063 seconds.
  path: Assets/AnimeNaturalEnvironment/Models/Trees/Tree_07.fbx
  artifactKey: Guid(a122328d5d55f2f4497e2babf86ee7ef) Importer(815301076,1909f56bfc062723c751e8b465ee728b)
Start importing Assets/AnimeNaturalEnvironment/Models/Trees/Tree_07.fbx using Guid(a122328d5d55f2f4497e2babf86ee7ef) Importer(815301076,1909f56bfc062723c751e8b465ee728b) (PreviewImporter) -> (artifact id: 'd17e42113c776e4e8cbb034ae9036c3e') in 0.1506584 seconds
Number of updated asset objects reloaded before import = 0Number of asset objects unloaded after import = 30

========================================================================
Received Import Request.
  Time since last request: 0.000056 seconds.
  path: Assets/AnimeNaturalEnvironment/Models/RockStyle2/Rocks/Rock_06_Mesh.fbx
  artifactKey: Guid(106d750e8a747d1469127782fa5d4bee) Importer(815301076,1909f56bfc062723c751e8b465ee728b)
Start importing Assets/AnimeNaturalEnvironment/Models/RockStyle2/Rocks/Rock_06_Mesh.fbx using Guid(106d750e8a747d1469127782fa5d4bee) Importer(815301076,1909f56bfc062723c751e8b465ee728b) (PreviewImporter) -> (artifact id: '61aa9f5c28dfde5d8e1fc3971a87e820') in 0.0543976 seconds
Number of updated asset objects reloaded before import = 0Number of asset objects unloaded after import = 10

========================================================================
Received Import Request.
  Time since last request: 2.133322 seconds.
  path: Assets/AnimeNaturalEnvironment/Scenes/CameraProfile/Main Camera Profile.asset
  artifactKey: Guid(27495ec9b2c7b3d4193cb76c30638cd5) Importer(815301076,1909f56bfc062723c751e8b465ee728b)
Start importing Assets/AnimeNaturalEnvironment/Scenes/CameraProfile/Main Camera Profile.asset using Guid(27495ec9b2c7b3d4193cb76c30638cd5) Importer(815301076,1909f56bfc062723c751e8b465ee728b) (PreviewImporter) -> (artifact id: '5b14faade4fc1fc856ad7c7083be63a8') in 0.0032537 seconds
Number of updated asset objects reloaded before import = 0Number of asset objects unloaded after import = 6

========================================================================
Received Import Request.
  Time since last request: 100.665520 seconds.
  path: Assets/AnimeNaturalEnvironment/Scripts/RenderTextureBaker.cs
  artifactKey: Guid(7f136275297291e48b362a3974c2a095) Importer(815301076,1909f56bfc062723c751e8b465ee728b)
Start importing Assets/AnimeNaturalEnvironment/Scripts/RenderTextureBaker.cs using Guid(7f136275297291e48b362a3974c2a095) Importer(815301076,1909f56bfc062723c751e8b465ee728b) (PreviewImporter) -> (artifact id: 'b5f3566c8d61098e9ea48119649ca42c') in 0.0007417 seconds
Number of updated asset objects reloaded before import = 0Number of asset objects unloaded after import = 0

========================================================================
Received Import Request.
  Time since last request: 9.575135 seconds.
  path: Assets/AnimeNaturalEnvironment/Scripts/Cameras/MoveCamera.cs
  artifactKey: Guid(22e327ce9f9cfd141831d6b00ac0bfab) Importer(815301076,1909f56bfc062723c751e8b465ee728b)
Start importing Assets/AnimeNaturalEnvironment/Scripts/Cameras/MoveCamera.cs using Guid(22e327ce9f9cfd141831d6b00ac0bfab) Importer(815301076,1909f56bfc062723c751e8b465ee728b) (PreviewImporter) -> (artifact id: '00cacc67650e23f77f2a80bd6a639403') in 0.0008013 seconds
Number of updated asset objects reloaded before import = 0Number of asset objects unloaded after import = 0

========================================================================
Received Import Request.
  Time since last request: 10.122589 seconds.
  path: Assets/AnimeNaturalEnvironment/Textures/Ground/Ground.png
  artifactKey: Guid(14cfdc412fd1c2e4bafb26ee29fde791) Importer(815301076,1909f56bfc062723c751e8b465ee728b)
Start importing Assets/AnimeNaturalEnvironment/Textures/Ground/Ground.png using Guid(14cfdc412fd1c2e4bafb26ee29fde791) Importer(815301076,1909f56bfc062723c751e8b465ee728b) (PreviewImporter) -> (artifact id: '79279f595e9918f283acaba3922bbe32') in 0.0295282 seconds
Number of updated asset objects reloaded before import = 0Number of asset objects unloaded after import = 2

========================================================================
Received Import Request.
  Time since last request: 0.000031 seconds.
  path: Assets/AnimeNaturalEnvironment/Textures/Ground/groundtexture 1.png
  artifactKey: Guid(7b90f34db20bb6f4eb20e294d7fc81ac) Importer(815301076,1909f56bfc062723c751e8b465ee728b)
Start importing Assets/AnimeNaturalEnvironment/Textures/Ground/groundtexture 1.png using Guid(7b90f34db20bb6f4eb20e294d7fc81ac) Importer(815301076,1909f56bfc062723c751e8b465ee728b) (PreviewImporter) -> (artifact id: '2b6dd18f24d4c0b1ff213e6123f1397f') in 0.026554 seconds
Number of updated asset objects reloaded before import = 0Number of asset objects unloaded after import = 2

========================================================================
Received Import Request.
  Time since last request: 0.709923 seconds.
  path: Assets/AnimeNaturalEnvironment/Textures/Plants/Flower.psd
  artifactKey: Guid(c1ca766a165d59b4ea2f9416edbedd97) Importer(815301076,1909f56bfc062723c751e8b465ee728b)
Start importing Assets/AnimeNaturalEnvironment/Textures/Plants/Flower.psd using Guid(c1ca766a165d59b4ea2f9416edbedd97) Importer(815301076,1909f56bfc062723c751e8b465ee728b) (PreviewImporter) -> (artifact id: 'da8e48c75aba8065093ea5286a4add8d') in 0.0209133 seconds
Number of updated asset objects reloaded before import = 0Number of asset objects unloaded after import = 2

========================================================================
Received Import Request.
  Time since last request: 0.000026 seconds.
  path: Assets/AnimeNaturalEnvironment/Textures/Plants/Flower_03.png
  artifactKey: Guid(0d383f0cd0395064eb4b64619b2840f3) Importer(815301076,1909f56bfc062723c751e8b465ee728b)
Start importing Assets/AnimeNaturalEnvironment/Textures/Plants/Flower_03.png using Guid(0d383f0cd0395064eb4b64619b2840f3) Importer(815301076,1909f56bfc062723c751e8b465ee728b) (PreviewImporter) -> (artifact id: '5fdc7431686c2e6bbc0ddabd3d7c0481') in 0.0262881 seconds
Number of updated asset objects reloaded before import = 0Number of asset objects unloaded after import = 2

========================================================================
Received Import Request.
  Time since last request: 0.000032 seconds.
  path: Assets/AnimeNaturalEnvironment/Textures/Plants/Flower_02.psd
  artifactKey: Guid(ccafcd57f63edf14fba0e06b8dfd5df6) Importer(815301076,1909f56bfc062723c751e8b465ee728b)
Start importing Assets/AnimeNaturalEnvironment/Textures/Plants/Flower_02.psd using Guid(ccafcd57f63edf14fba0e06b8dfd5df6) Importer(815301076,1909f56bfc062723c751e8b465ee728b) (PreviewImporter) -> (artifact id: 'ec87ddcab57135092f7a08d87882d5ff') in 0.0253848 seconds
Number of updated asset objects reloaded before import = 0Number of asset objects unloaded after import = 2

========================================================================
Received Import Request.
  Time since last request: 0.000042 seconds.
  path: Assets/AnimeNaturalEnvironment/Textures/Plants/Plants.png
  artifactKey: Guid(3387a475305d644488601aa9b6b309ef) Importer(815301076,1909f56bfc062723c751e8b465ee728b)
Start importing Assets/AnimeNaturalEnvironment/Textures/Plants/Plants.png using Guid(3387a475305d644488601aa9b6b309ef) Importer(815301076,1909f56bfc062723c751e8b465ee728b) (PreviewImporter) -> (artifact id: '3a8df475b20df4927c96d5eb1e7a1de0') in 0.0319536 seconds
Number of updated asset objects reloaded before import = 0Number of asset objects unloaded after import = 2

========================================================================
Received Import Request.
  Time since last request: 0.943610 seconds.
  path: Assets/AnimeNaturalEnvironment/Textures/Rocks/CliffDemo.psd
  artifactKey: Guid(a579d1dc0e23e814a88cbae1f1782363) Importer(815301076,1909f56bfc062723c751e8b465ee728b)
Start importing Assets/AnimeNaturalEnvironment/Textures/Rocks/CliffDemo.psd using Guid(a579d1dc0e23e814a88cbae1f1782363) Importer(815301076,1909f56bfc062723c751e8b465ee728b) (PreviewImporter) -> (artifact id: '1fe442b77f52128d66bd4b5d130e1c50') in 0.0258426 seconds
Number of updated asset objects reloaded before import = 0Number of asset objects unloaded after import = 2

========================================================================
Received Import Request.
  Time since last request: 8.992659 seconds.
  path: Assets/AnimeNaturalEnvironment/Textures/Sky/Moutain.png
  artifactKey: Guid(e0a34d03e013e344886e022e15a090de) Importer(815301076,1909f56bfc062723c751e8b465ee728b)
Start importing Assets/AnimeNaturalEnvironment/Textures/Sky/Moutain.png using Guid(e0a34d03e013e344886e022e15a090de) Importer(815301076,1909f56bfc062723c751e8b465ee728b) (PreviewImporter) -> (artifact id: '62e8ccdedb53f5b48adb85cac05e205f') in 0.0385482 seconds
Number of updated asset objects reloaded before import = 0Number of asset objects unloaded after import = 2

========================================================================
Received Import Request.
  Time since last request: 3.897727 seconds.
  path: Assets/AnimeNaturalEnvironment/Textures/Trees/BigTrunk.png
  artifactKey: Guid(1f9d9fc9d9e9a4540ab3247138205c18) Importer(815301076,1909f56bfc062723c751e8b465ee728b)
Start importing Assets/AnimeNaturalEnvironment/Textures/Trees/BigTrunk.png using Guid(1f9d9fc9d9e9a4540ab3247138205c18) Importer(815301076,1909f56bfc062723c751e8b465ee728b) (PreviewImporter) -> (artifact id: '575f6e4a9cdc9daf365c21d9531394c7') in 0.0304278 seconds
Number of updated asset objects reloaded before import = 0Number of asset objects unloaded after import = 2

========================================================================
Received Import Request.
  Time since last request: 83.505444 seconds.
  path: Assets/AnimeNaturalEnvironment/Materials/Foliage SimpleLit.mat
  artifactKey: Guid(245df9c2b8f3c5d4bbe4b5f64ec87177) Importer(815301076,1909f56bfc062723c751e8b465ee728b)
Start importing Assets/AnimeNaturalEnvironment/Materials/Foliage SimpleLit.mat using Guid(245df9c2b8f3c5d4bbe4b5f64ec87177) Importer(815301076,1909f56bfc062723c751e8b465ee728b) (PreviewImporter) -> (artifact id: 'c53e3480d6d6541a366be51aed353a2d') in 3.7499895 seconds
Number of updated asset objects reloaded before import = 0Number of asset objects unloaded after import = 3

========================================================================
Received Import Request.
  Time since last request: 0.000031 seconds.
  path: Assets/AnimeNaturalEnvironment/Materials/Small Ground.mat
  artifactKey: Guid(d6a78ec5f4b8f204e90760539cac5638) Importer(815301076,1909f56bfc062723c751e8b465ee728b)
Start importing Assets/AnimeNaturalEnvironment/Materials/Small Ground.mat using Guid(d6a78ec5f4b8f204e90760539cac5638) Importer(815301076,1909f56bfc062723c751e8b465ee728b) (PreviewImporter) -> (artifact id: '20db8a85cf3dce6b460d475773e12b6d') in 0.0427183 seconds
Number of updated asset objects reloaded before import = 0Number of asset objects unloaded after import = 2

========================================================================
Received Import Request.
  Time since last request: 0.000041 seconds.
  path: Assets/AnimeNaturalEnvironment/Materials/Mountain.mat
  artifactKey: Guid(1cf1a3dbb27c9c648bfc0e882e57e9f7) Importer(815301076,1909f56bfc062723c751e8b465ee728b)
Start importing Assets/AnimeNaturalEnvironment/Materials/Mountain.mat using Guid(1cf1a3dbb27c9c648bfc0e882e57e9f7) Importer(815301076,1909f56bfc062723c751e8b465ee728b) (PreviewImporter) -> (artifact id: '76fca666e59cee1ce19994388799379a') in 0.2540161 seconds
Number of updated asset objects reloaded before import = 0Number of asset objects unloaded after import = 3

========================================================================
Received Import Request.
  Time since last request: 0.000045 seconds.
  path: Assets/AnimeNaturalEnvironment/Materials/Rock small.mat
  artifactKey: Guid(3fb3eafe941f2ae4bad35fe1cb853044) Importer(815301076,1909f56bfc062723c751e8b465ee728b)
Start importing Assets/AnimeNaturalEnvironment/Materials/Rock small.mat using Guid(3fb3eafe941f2ae4bad35fe1cb853044) Importer(815301076,1909f56bfc062723c751e8b465ee728b) (PreviewImporter) -> (artifact id: '39a8b6a98045beeeda6243fb619d214c') in 0.0609139 seconds
Number of updated asset objects reloaded before import = 0Number of asset objects unloaded after import = 2

========================================================================
Received Import Request.
  Time since last request: 0.000066 seconds.
  path: Assets/AnimeNaturalEnvironment/Materials/Rock_01.mat
  artifactKey: Guid(810d40b7f48cc174d9394be6adedf6b2) Importer(815301076,1909f56bfc062723c751e8b465ee728b)
Start importing Assets/AnimeNaturalEnvironment/Materials/Rock_01.mat using Guid(810d40b7f48cc174d9394be6adedf6b2) Importer(815301076,1909f56bfc062723c751e8b465ee728b) (PreviewImporter) -> (artifact id: '236a787369966b07a325ec602ae80d6a') in 0.0292413 seconds
Number of updated asset objects reloaded before import = 0Number of asset objects unloaded after import = 2

========================================================================
Received Import Request.
  Time since last request: 0.000032 seconds.
  path: Assets/AnimeNaturalEnvironment/Materials/Foliage_Standard 2.mat
  artifactKey: Guid(31c0bbf9525d3ae499708cc4a04701a2) Importer(815301076,1909f56bfc062723c751e8b465ee728b)
Start importing Assets/AnimeNaturalEnvironment/Materials/Foliage_Standard 2.mat using Guid(31c0bbf9525d3ae499708cc4a04701a2) Importer(815301076,1909f56bfc062723c751e8b465ee728b) (PreviewImporter) -> (artifact id: 'a6369d79eeb8b249924f54de1a2c007e') in 0.0399453 seconds
Number of updated asset objects reloaded before import = 0Number of asset objects unloaded after import = 3

========================================================================
Received Import Request.
  Time since last request: 0.000068 seconds.
  path: Assets/AnimeNaturalEnvironment/Materials/Plane.mat
  artifactKey: Guid(596974339c0abd44db6d0ea615b0f22b) Importer(815301076,1909f56bfc062723c751e8b465ee728b)
Start importing Assets/AnimeNaturalEnvironment/Materials/Plane.mat using Guid(596974339c0abd44db6d0ea615b0f22b) Importer(815301076,1909f56bfc062723c751e8b465ee728b) (PreviewImporter) -> (artifact id: 'cae1543fd10a13a3b44bff4e5db5fffe') in 0.029726 seconds
Number of updated asset objects reloaded before import = 0Number of asset objects unloaded after import = 1

========================================================================
Received Import Request.
  Time since last request: 0.000086 seconds.
  path: Assets/AnimeNaturalEnvironment/Materials/MainDemoTerrain Basemap.mat
  artifactKey: Guid(280e50322c59a224281ed668c426355c) Importer(815301076,1909f56bfc062723c751e8b465ee728b)
Start importing Assets/AnimeNaturalEnvironment/Materials/MainDemoTerrain Basemap.mat using Guid(280e50322c59a224281ed668c426355c) Importer(815301076,1909f56bfc062723c751e8b465ee728b) (PreviewImporter) -> (artifact id: '93eb98b0d4bd7e29626d047aafd257f5') in 3.1926094 seconds
Number of updated asset objects reloaded before import = 0Number of asset objects unloaded after import = 3

========================================================================
Received Import Request.
  Time since last request: 4.946092 seconds.
  path: Assets/AnimeNaturalEnvironment/Materials/Trunk.mat
  artifactKey: Guid(9b8e4a720181ae6469939aa91c35ef7d) Importer(815301076,1909f56bfc062723c751e8b465ee728b)
Start importing Assets/AnimeNaturalEnvironment/Materials/Trunk.mat using Guid(9b8e4a720181ae6469939aa91c35ef7d) Importer(815301076,1909f56bfc062723c751e8b465ee728b) (PreviewImporter) -> (artifact id: '67789deab46955b303b01a9f3bebc7c4') in 0.0471906 seconds
Number of updated asset objects reloaded before import = 0Number of asset objects unloaded after import = 2

========================================================================
Received Import Request.
  Time since last request: 20.101367 seconds.
  path: Assets/Terrain/TerrainSampleAssets/Prefabs/Bush_B.prefab
  artifactKey: Guid(b273de0d6e5818a4cb3195ce4f376ccb) Importer(815301076,1909f56bfc062723c751e8b465ee728b)
Start importing Assets/Terrain/TerrainSampleAssets/Prefabs/Bush_B.prefab using Guid(b273de0d6e5818a4cb3195ce4f376ccb) Importer(815301076,1909f56bfc062723c751e8b465ee728b) (PreviewImporter) -> (artifact id: '5daa1d5baf5ab61fac9bb0481bd04397') in 6.0264198 seconds
Number of updated asset objects reloaded before import = 0Number of asset objects unloaded after import = 21

========================================================================
Received Import Request.
  Time since last request: 0.000109 seconds.
  path: Assets/Terrain/TerrainSampleAssets/Prefabs/Heather_B.prefab
  artifactKey: Guid(dd902ff2a6f685041be127af00c09664) Importer(815301076,1909f56bfc062723c751e8b465ee728b)
Start importing Assets/Terrain/TerrainSampleAssets/Prefabs/Heather_B.prefab using Guid(dd902ff2a6f685041be127af00c09664) Importer(815301076,1909f56bfc062723c751e8b465ee728b) (PreviewImporter) -> (artifact id: 'b5be53096b53abefb229dae47bc5278a') in 0.0544114 seconds
Number of updated asset objects reloaded before import = 0Number of asset objects unloaded after import = 22

========================================================================
Received Import Request.
  Time since last request: 0.000071 seconds.
  path: Assets/Terrain/TerrainSampleAssets/Prefabs/Grass_C.prefab
  artifactKey: Guid(4c72217d56dcb6749a897a75cad1f34e) Importer(815301076,1909f56bfc062723c751e8b465ee728b)
Start importing Assets/Terrain/TerrainSampleAssets/Prefabs/Grass_C.prefab using Guid(4c72217d56dcb6749a897a75cad1f34e) Importer(815301076,1909f56bfc062723c751e8b465ee728b) (PreviewImporter) -> (artifact id: 'fe2ec7f9405ae24503d004f225327cf5') in 0.0482753 seconds
Number of updated asset objects reloaded before import = 0Number of asset objects unloaded after import = 24

========================================================================
Received Import Request.
  Time since last request: 0.000392 seconds.
  path: Assets/AnimeNaturalEnvironment/Prefabs/Plants/Flower_03.prefab
  artifactKey: Guid(177742a9cc0c87644a9f0ff6b4ae37ec) Importer(815301076,1909f56bfc062723c751e8b465ee728b)
Start importing Assets/AnimeNaturalEnvironment/Prefabs/Plants/Flower_03.prefab using Guid(177742a9cc0c87644a9f0ff6b4ae37ec) Importer(815301076,1909f56bfc062723c751e8b465ee728b) (PreviewImporter) -> (artifact id: '208361819317e3b81ac053a81110239a') in 0.0521456 seconds
Number of updated asset objects reloaded before import = 0Number of asset objects unloaded after import = 9

========================================================================
Received Import Request.
  Time since last request: 0.000055 seconds.
  path: Assets/Terrain/TerrainSampleAssets/Prefabs/Plant_C.prefab
  artifactKey: Guid(d9246f89c4014f749b69f6e963372434) Importer(815301076,1909f56bfc062723c751e8b465ee728b)
Start importing Assets/Terrain/TerrainSampleAssets/Prefabs/Plant_C.prefab using Guid(d9246f89c4014f749b69f6e963372434) Importer(815301076,1909f56bfc062723c751e8b465ee728b) (PreviewImporter) -> (artifact id: '0cd93c952f59c4eca458182c637b6ae2') in 0.0505897 seconds
Number of updated asset objects reloaded before import = 0Number of asset objects unloaded after import = 22

========================================================================
Received Import Request.
  Time since last request: 0.000046 seconds.
  path: Assets/Terrain/TerrainSampleAssets/Prefabs/Fern_C.prefab
  artifactKey: Guid(4786e2698ac97a949a9209febfcbd49b) Importer(815301076,1909f56bfc062723c751e8b465ee728b)
Start importing Assets/Terrain/TerrainSampleAssets/Prefabs/Fern_C.prefab using Guid(4786e2698ac97a949a9209febfcbd49b) Importer(815301076,1909f56bfc062723c751e8b465ee728b) (PreviewImporter) -> (artifact id: '907b1be5fc6abfbc244a9316fac28d05') in 0.0485128 seconds
Number of updated asset objects reloaded before import = 0Number of asset objects unloaded after import = 22

========================================================================
Received Import Request.
  Time since last request: 0.000048 seconds.
  path: Assets/Terrain/TerrainSampleAssets/Prefabs/Plant_B.prefab
  artifactKey: Guid(0a701dc0b49cb264c88918e012866821) Importer(815301076,1909f56bfc062723c751e8b465ee728b)
Start importing Assets/Terrain/TerrainSampleAssets/Prefabs/Plant_B.prefab using Guid(0a701dc0b49cb264c88918e012866821) Importer(815301076,1909f56bfc062723c751e8b465ee728b) (PreviewImporter) -> (artifact id: '160d21ecf7baf848e084d245fa646608') in 0.0356759 seconds
Number of updated asset objects reloaded before import = 0Number of asset objects unloaded after import = 22

========================================================================
Received Import Request.
  Time since last request: 0.000060 seconds.
  path: Assets/Terrain/TerrainSampleAssets/Prefabs/GrassDry_B.prefab
  artifactKey: Guid(3d4dd2affe15db043a6502ae256cd0d4) Importer(815301076,1909f56bfc062723c751e8b465ee728b)
Start importing Assets/Terrain/TerrainSampleAssets/Prefabs/GrassDry_B.prefab using Guid(3d4dd2affe15db043a6502ae256cd0d4) Importer(815301076,1909f56bfc062723c751e8b465ee728b) (PreviewImporter) -> (artifact id: '23ff7efe6e78d3445c0e9e35e9618389') in 0.04088 seconds
Number of updated asset objects reloaded before import = 0Number of asset objects unloaded after import = 22

========================================================================
Received Import Request.
  Time since last request: 0.000072 seconds.
  path: Assets/Terrain/TerrainSampleAssets/Prefabs/Grass_B.prefab
  artifactKey: Guid(7b3e6db10d22f504dbc606110b2cb5e7) Importer(815301076,1909f56bfc062723c751e8b465ee728b)
Start importing Assets/Terrain/TerrainSampleAssets/Prefabs/Grass_B.prefab using Guid(7b3e6db10d22f504dbc606110b2cb5e7) Importer(815301076,1909f56bfc062723c751e8b465ee728b) (PreviewImporter) -> (artifact id: '94ce9a8b0a911b68ea4ec05490662cdb') in 0.0599568 seconds
Number of updated asset objects reloaded before import = 0Number of asset objects unloaded after import = 22

========================================================================
Received Import Request.
  Time since last request: 0.000038 seconds.
  path: Assets/AnimeNaturalEnvironment/Prefabs/Plants/Flower_01.prefab
  artifactKey: Guid(0955aa7537163ec42a5c5afc02700b95) Importer(815301076,1909f56bfc062723c751e8b465ee728b)
Start importing Assets/AnimeNaturalEnvironment/Prefabs/Plants/Flower_01.prefab using Guid(0955aa7537163ec42a5c5afc02700b95) Importer(815301076,1909f56bfc062723c751e8b465ee728b) (PreviewImporter) -> (artifact id: '28193c7d692575ba15c2ed27d9a1c3ff') in 0.0311299 seconds
Number of updated asset objects reloaded before import = 0Number of asset objects unloaded after import = 9

========================================================================
Received Import Request.
  Time since last request: 0.000038 seconds.
  path: Assets/Terrain/TerrainSampleAssets/Prefabs/GrassDry_C.prefab
  artifactKey: Guid(8aa8def6286fc784ba128570ec475974) Importer(815301076,1909f56bfc062723c751e8b465ee728b)
Start importing Assets/Terrain/TerrainSampleAssets/Prefabs/GrassDry_C.prefab using Guid(8aa8def6286fc784ba128570ec475974) Importer(815301076,1909f56bfc062723c751e8b465ee728b) (PreviewImporter) -> (artifact id: '16a9486a0838138e924794e6cdf1b9e9') in 0.0433206 seconds
Number of updated asset objects reloaded before import = 0Number of asset objects unloaded after import = 22

========================================================================
Received Import Request.
  Time since last request: 11.356950 seconds.
  path: Assets/Terrain/TerrainSampleAssets/Textures/Terrain/Rock_BaseColor.tif
  artifactKey: Guid(7e35234e281d141418972228ee38415e) Importer(815301076,1909f56bfc062723c751e8b465ee728b)
Start importing Assets/Terrain/TerrainSampleAssets/Textures/Terrain/Rock_BaseColor.tif using Guid(7e35234e281d141418972228ee38415e) Importer(815301076,1909f56bfc062723c751e8b465ee728b) (PreviewImporter) -> (artifact id: '254a75c16a52d4edda3e822443c5da92') in 0.0324427 seconds
Number of updated asset objects reloaded before import = 0Number of asset objects unloaded after import = 2

========================================================================
Received Import Request.
  Time since last request: 6.323391 seconds.
  path: Assets/Terrain/TerrainSampleAssets/Textures/Terrain/Grass_A_MaskMap.tif
  artifactKey: Guid(bd4c61d030690814097a2076498d1c75) Importer(815301076,1909f56bfc062723c751e8b465ee728b)
Start importing Assets/Terrain/TerrainSampleAssets/Textures/Terrain/Grass_A_MaskMap.tif using Guid(bd4c61d030690814097a2076498d1c75) Importer(815301076,1909f56bfc062723c751e8b465ee728b) (PreviewImporter) -> (artifact id: '97d1d16dfedda07a606ee33d99aabda7') in 0.0368796 seconds
Number of updated asset objects reloaded before import = 0Number of asset objects unloaded after import = 2

========================================================================
Received Import Request.
  Time since last request: 52.829928 seconds.
  path: Packages/com.unity.render-pipelines.universal/Runtime/Materials/SpatialMappingOcclusion.mat
  artifactKey: Guid(b51db210fe78df745a372851b3db949e) Importer(815301076,1909f56bfc062723c751e8b465ee728b)
Start importing Packages/com.unity.render-pipelines.universal/Runtime/Materials/SpatialMappingOcclusion.mat using Guid(b51db210fe78df745a372851b3db949e) Importer(815301076,1909f56bfc062723c751e8b465ee728b) (PreviewImporter) -> (artifact id: 'fcb31368bdf8a4fcd071c1534b6ba277') in 0.0275233 seconds
Number of updated asset objects reloaded before import = 0Number of asset objects unloaded after import = 1

========================================================================
Received Import Request.
  Time since last request: 0.000046 seconds.
  path: Packages/com.unity.render-pipelines.universal/Runtime/Materials/TerrainLit.mat
  artifactKey: Guid(594ea882c5a793440b60ff72d896021e) Importer(815301076,1909f56bfc062723c751e8b465ee728b)
Start importing Packages/com.unity.render-pipelines.universal/Runtime/Materials/TerrainLit.mat using Guid(594ea882c5a793440b60ff72d896021e) Importer(815301076,1909f56bfc062723c751e8b465ee728b) (PreviewImporter) -> (artifact id: '18ba96babd5416f1a779bb715fae3657') in 5.2166099 seconds
Number of updated asset objects reloaded before import = 0Number of asset objects unloaded after import = 0

========================================================================
Received Import Request.
  Time since last request: 10.465555 seconds.
  path: Assets/Terrain/TerrainSampleAssets/TerrainLayers/Grass_B_TerrainLayer.terrainlayer
  artifactKey: Guid(bd1fcb10d2c5b5d4ba6e01a34e4735be) Importer(815301076,1909f56bfc062723c751e8b465ee728b)
Start importing Assets/Terrain/TerrainSampleAssets/TerrainLayers/Grass_B_TerrainLayer.terrainlayer using Guid(bd1fcb10d2c5b5d4ba6e01a34e4735be) Importer(815301076,1909f56bfc062723c751e8b465ee728b) (PreviewImporter) -> (artifact id: '6e6d8c608a75a0d5983791c27298c435') in 0.0973149 seconds
Number of updated asset objects reloaded before import = 0Number of asset objects unloaded after import = 5

========================================================================
Received Import Request.
  Time since last request: 0.000063 seconds.
  path: Assets/Terrain/TerrainSampleAssets/TerrainLayers/Pebbles_A_TerrainLayer.terrainlayer
  artifactKey: Guid(a4f389caed25e6241b38ba88a286c911) Importer(815301076,1909f56bfc062723c751e8b465ee728b)
Start importing Assets/Terrain/TerrainSampleAssets/TerrainLayers/Pebbles_A_TerrainLayer.terrainlayer using Guid(a4f389caed25e6241b38ba88a286c911) Importer(815301076,1909f56bfc062723c751e8b465ee728b) (PreviewImporter) -> (artifact id: 'b6e6fdaf1b171e46d8310789064ff141') in 0.0750505 seconds
Number of updated asset objects reloaded before import = 0Number of asset objects unloaded after import = 5

========================================================================
Received Import Request.
  Time since last request: 0.000037 seconds.
  path: Assets/Terrain/TerrainSampleAssets/TerrainLayers/Pebbles_B_TerrainLayer.terrainlayer
  artifactKey: Guid(d1685375fd84e62439c572449faa4657) Importer(815301076,1909f56bfc062723c751e8b465ee728b)
Start importing Assets/Terrain/TerrainSampleAssets/TerrainLayers/Pebbles_B_TerrainLayer.terrainlayer using Guid(d1685375fd84e62439c572449faa4657) Importer(815301076,1909f56bfc062723c751e8b465ee728b) (PreviewImporter) -> (artifact id: '83017afea169827fc3f58446b5bd8b08') in 0.0935607 seconds
Number of updated asset objects reloaded before import = 0Number of asset objects unloaded after import = 5

========================================================================
Received Import Request.
  Time since last request: 0.000036 seconds.
  path: Assets/Terrain/TerrainSampleAssets/TerrainLayers/Sand_TerrainLayer.terrainlayer
  artifactKey: Guid(1ded3ba1c5a90054e8f23ddfa62fb2b7) Importer(815301076,1909f56bfc062723c751e8b465ee728b)
Start importing Assets/Terrain/TerrainSampleAssets/TerrainLayers/Sand_TerrainLayer.terrainlayer using Guid(1ded3ba1c5a90054e8f23ddfa62fb2b7) Importer(815301076,1909f56bfc062723c751e8b465ee728b) (PreviewImporter) -> (artifact id: 'f6c045320daff8a11ef6e2bcd8935b92') in 0.0762108 seconds
Number of updated asset objects reloaded before import = 0Number of asset objects unloaded after import = 5

========================================================================
Received Import Request.
  Time since last request: 0.000032 seconds.
  path: Assets/Terrain/TerrainSampleAssets/TerrainLayers/Tidal_Pools_TerrainLayer.terrainlayer
  artifactKey: Guid(b5fcb6edb24b4544dbcf0dad9462ee5b) Importer(815301076,1909f56bfc062723c751e8b465ee728b)
Start importing Assets/Terrain/TerrainSampleAssets/TerrainLayers/Tidal_Pools_TerrainLayer.terrainlayer using Guid(b5fcb6edb24b4544dbcf0dad9462ee5b) Importer(815301076,1909f56bfc062723c751e8b465ee728b) (PreviewImporter) -> (artifact id: 'a4537d67c0f686fcc88b808b4fb582a6') in 0.0774414 seconds
Number of updated asset objects reloaded before import = 0Number of asset objects unloaded after import = 5

========================================================================
Received Import Request.
  Time since last request: 12.912370 seconds.
  path: Assets/Terrain/TerrainSampleAssets/Textures/Terrain/Black_Sand_MaskMap.tif
  artifactKey: Guid(33e332af78571f249aa14092c01288cb) Importer(815301076,1909f56bfc062723c751e8b465ee728b)
Start importing Assets/Terrain/TerrainSampleAssets/Textures/Terrain/Black_Sand_MaskMap.tif using Guid(33e332af78571f249aa14092c01288cb) Importer(815301076,1909f56bfc062723c751e8b465ee728b) (PreviewImporter) -> (artifact id: '4fac816969d335f35e0804611d298a70') in 0.0271719 seconds
Number of updated asset objects reloaded before import = 0Number of asset objects unloaded after import = 2

========================================================================
Received Import Request.
  Time since last request: 0.000029 seconds.
  path: Assets/Terrain/TerrainSampleAssets/Textures/Terrain/Grass_Moss_BaseColor.tif
  artifactKey: Guid(d44cec25420524046b0137655ed7f307) Importer(815301076,1909f56bfc062723c751e8b465ee728b)
Start importing Assets/Terrain/TerrainSampleAssets/Textures/Terrain/Grass_Moss_BaseColor.tif using Guid(d44cec25420524046b0137655ed7f307) Importer(815301076,1909f56bfc062723c751e8b465ee728b) (PreviewImporter) -> (artifact id: 'd6830337468e7e2e8fa0e53068ea807e') in 0.037237 seconds
Number of updated asset objects reloaded before import = 0Number of asset objects unloaded after import = 2

========================================================================
Received Import Request.
  Time since last request: 0.000041 seconds.
  path: Assets/Terrain/TerrainSampleAssets/Textures/Terrain/Grass_B_Normal.tif
  artifactKey: Guid(eb70932bab3d971408c011dbb45767a9) Importer(815301076,1909f56bfc062723c751e8b465ee728b)
Start importing Assets/Terrain/TerrainSampleAssets/Textures/Terrain/Grass_B_Normal.tif using Guid(eb70932bab3d971408c011dbb45767a9) Importer(815301076,1909f56bfc062723c751e8b465ee728b) (PreviewImporter) -> (artifact id: '8a8c094594d2988ff038c3978bb1aa45') in 0.0373803 seconds
Number of updated asset objects reloaded before import = 0Number of asset objects unloaded after import = 2

========================================================================
Received Import Request.
  Time since last request: 0.000055 seconds.
  path: Assets/Terrain/TerrainSampleAssets/Textures/Terrain/Grass_Dry_BaseColor.tif
  artifactKey: Guid(7e6fff2112f33d748962082012d11cce) Importer(815301076,1909f56bfc062723c751e8b465ee728b)
Start importing Assets/Terrain/TerrainSampleAssets/Textures/Terrain/Grass_Dry_BaseColor.tif using Guid(7e6fff2112f33d748962082012d11cce) Importer(815301076,1909f56bfc062723c751e8b465ee728b) (PreviewImporter) -> (artifact id: '7ef4cd58666abea2f8b3d5b7a66b9ca0') in 0.0379593 seconds
Number of updated asset objects reloaded before import = 0Number of asset objects unloaded after import = 2

========================================================================
Received Import Request.
  Time since last request: 27.143563 seconds.
  path: Assets/HDRPDefaultResources/DefaultSettingsVolumeProfile.asset
  artifactKey: Guid(eb7820d0783e48d42a902f0d3573b523) Importer(815301076,1909f56bfc062723c751e8b465ee728b)
Start importing Assets/HDRPDefaultResources/DefaultSettingsVolumeProfile.asset using Guid(eb7820d0783e48d42a902f0d3573b523) Importer(815301076,1909f56bfc062723c751e8b465ee728b) (PreviewImporter) -> (artifact id: 'c373edee7a8b111c484de627e775620e') in 0.0050379 seconds
Number of updated asset objects reloaded before import = 0Number of asset objects unloaded after import = 14

========================================================================
Received Import Request.
  Time since last request: 13.217233 seconds.
  path: Assets/Terrain/TerrainData_9e30cb9e-25d5-4b05-aee7-8df8b941ea14.asset
  artifactKey: Guid(5c6b4069953fc7b4b8c5474cd1e52688) Importer(815301076,1909f56bfc062723c751e8b465ee728b)
Start importing Assets/Terrain/TerrainData_9e30cb9e-25d5-4b05-aee7-8df8b941ea14.asset using Guid(5c6b4069953fc7b4b8c5474cd1e52688) Importer(815301076,1909f56bfc062723c751e8b465ee728b) (PreviewImporter) -> (artifact id: '270da3c51e28bd73b75534912e53af2f') in 0.0510362 seconds
Number of updated asset objects reloaded before import = 0Number of asset objects unloaded after import = 3

========================================================================
Received Import Request.
  Time since last request: 0.000057 seconds.
  path: Assets/Terrain/TerrainData_a9596dbb-97b2-4082-aafa-41a588bb782d.asset
  artifactKey: Guid(c680a2a012c961545b0184d03c7aaf7b) Importer(815301076,1909f56bfc062723c751e8b465ee728b)
Start importing Assets/Terrain/TerrainData_a9596dbb-97b2-4082-aafa-41a588bb782d.asset using Guid(c680a2a012c961545b0184d03c7aaf7b) Importer(815301076,1909f56bfc062723c751e8b465ee728b) (PreviewImporter) -> (artifact id: 'e1d050837cfaa8986b77174c26de2aa0') in 0.0201003 seconds
Number of updated asset objects reloaded before import = 0Number of asset objects unloaded after import = 3

========================================================================
Received Import Request.
  Time since last request: 0.000059 seconds.
  path: Assets/Terrain/TerrainData_459f1d8f-78a4-4ddb-bdba-ac73b4858c87.asset
  artifactKey: Guid(47e0886a5960aeb48871c671daf1edac) Importer(815301076,1909f56bfc062723c751e8b465ee728b)
Start importing Assets/Terrain/TerrainData_459f1d8f-78a4-4ddb-bdba-ac73b4858c87.asset using Guid(47e0886a5960aeb48871c671daf1edac) Importer(815301076,1909f56bfc062723c751e8b465ee728b) (PreviewImporter) -> (artifact id: 'd7f0e60706b68eabca3e7086f0973a84') in 0.0195554 seconds
Number of updated asset objects reloaded before import = 0Number of asset objects unloaded after import = 3

========================================================================
Received Import Request.
  Time since last request: 0.000028 seconds.
  path: Assets/Terrain/TerrainData_ea601503-8ffb-455f-8bb0-11c93596f9b7.asset
  artifactKey: Guid(24a08b137d675e6448bd852553e1066f) Importer(815301076,1909f56bfc062723c751e8b465ee728b)
Start importing Assets/Terrain/TerrainData_ea601503-8ffb-455f-8bb0-11c93596f9b7.asset using Guid(24a08b137d675e6448bd852553e1066f) Importer(815301076,1909f56bfc062723c751e8b465ee728b) (PreviewImporter) -> (artifact id: '9f9173cb26f0aa207ccfab07786a07d9') in 0.0179159 seconds
Number of updated asset objects reloaded before import = 0Number of asset objects unloaded after import = 3

========================================================================
Received Import Request.
  Time since last request: 6.302143 seconds.
  path: Assets/Terrain/TerrainSampleAssets/Materials/BushDry.asset
  artifactKey: Guid(238ad6ea99d845f498c3a2334f75358a) Importer(815301076,1909f56bfc062723c751e8b465ee728b)
Start importing Assets/Terrain/TerrainSampleAssets/Materials/BushDry.asset using Guid(238ad6ea99d845f498c3a2334f75358a) Importer(815301076,1909f56bfc062723c751e8b465ee728b) (PreviewImporter) -> (artifact id: '60fdfba66e0658d5ddb2883ae01e0ca0') in 0.0483148 seconds
Number of updated asset objects reloaded before import = 0Number of asset objects unloaded after import = 15

========================================================================
Received Import Request.
  Time since last request: 0.000032 seconds.
  path: Assets/Terrain/TerrainSampleAssets/Materials/Heather.asset
  artifactKey: Guid(9ef29f7651a5050409fa9822d6d4f941) Importer(815301076,1909f56bfc062723c751e8b465ee728b)
Start importing Assets/Terrain/TerrainSampleAssets/Materials/Heather.asset using Guid(9ef29f7651a5050409fa9822d6d4f941) Importer(815301076,1909f56bfc062723c751e8b465ee728b) (PreviewImporter) -> (artifact id: 'c90d01bc7dfc46004134fdc018f9f30c') in 0.0456571 seconds
Number of updated asset objects reloaded before import = 0Number of asset objects unloaded after import = 15

========================================================================
Received Import Request.
  Time since last request: 0.000060 seconds.
  path: Assets/Terrain/TerrainSampleAssets/Materials/Grass_C.asset
  artifactKey: Guid(d3f698d8d13edc2478d19e143b436434) Importer(815301076,1909f56bfc062723c751e8b465ee728b)
Start importing Assets/Terrain/TerrainSampleAssets/Materials/Grass_C.asset using Guid(d3f698d8d13edc2478d19e143b436434) Importer(815301076,1909f56bfc062723c751e8b465ee728b) (PreviewImporter) -> (artifact id: '7e1c03b04c9980550d56b25eb0659c9f') in 0.0412805 seconds
Number of updated asset objects reloaded before import = 0Number of asset objects unloaded after import = 17

========================================================================
Received Import Request.
  Time since last request: 1.508737 seconds.
  path: Assets/Terrain/TerrainSampleAssets/Models/Bush_B.asset
  artifactKey: Guid(1ea33222cad50ad49aa4978bc84846e4) Importer(815301076,1909f56bfc062723c751e8b465ee728b)
Start importing Assets/Terrain/TerrainSampleAssets/Models/Bush_B.asset using Guid(1ea33222cad50ad49aa4978bc84846e4) Importer(815301076,1909f56bfc062723c751e8b465ee728b) (PreviewImporter) -> (artifact id: '8c5eee587861c0e50e9f941a3f43a2c3') in 0.0271215 seconds
Number of updated asset objects reloaded before import = 0Number of asset objects unloaded after import = 2

========================================================================
Received Import Request.
  Time since last request: 0.000031 seconds.
  path: Assets/Terrain/TerrainSampleAssets/Models/Fern_C.asset
  artifactKey: Guid(19f3cdde7d5104c4da897ac17045ddfd) Importer(815301076,1909f56bfc062723c751e8b465ee728b)
Start importing Assets/Terrain/TerrainSampleAssets/Models/Fern_C.asset using Guid(19f3cdde7d5104c4da897ac17045ddfd) Importer(815301076,1909f56bfc062723c751e8b465ee728b) (PreviewImporter) -> (artifact id: 'e30e9eb6c77d5cbdc53b3dd1695dc4fe') in 0.0241889 seconds
Number of updated asset objects reloaded before import = 0Number of asset objects unloaded after import = 2

========================================================================
Received Import Request.
  Time since last request: 0.000040 seconds.
  path: Assets/Terrain/TerrainSampleAssets/Models/BushDry_B.asset
  artifactKey: Guid(8d68c191594d5a24baee81cc22acf55b) Importer(815301076,1909f56bfc062723c751e8b465ee728b)
Start importing Assets/Terrain/TerrainSampleAssets/Models/BushDry_B.asset using Guid(8d68c191594d5a24baee81cc22acf55b) Importer(815301076,1909f56bfc062723c751e8b465ee728b) (PreviewImporter) -> (artifact id: '968538850257ba00d8ac10278e797b4b') in 0.0251918 seconds
Number of updated asset objects reloaded before import = 0Number of asset objects unloaded after import = 2

========================================================================
Received Import Request.
  Time since last request: 10.266825 seconds.
  path: Assets/AnimeNaturalEnvironment/Materials/Grass Materials/DepthFadeGrass 1.mat
  artifactKey: Guid(eb5fec8d70c2c3f4c9d72257e87df4b6) Importer(815301076,1909f56bfc062723c751e8b465ee728b)
Start importing Assets/AnimeNaturalEnvironment/Materials/Grass Materials/DepthFadeGrass 1.mat using Guid(eb5fec8d70c2c3f4c9d72257e87df4b6) Importer(815301076,1909f56bfc062723c751e8b465ee728b) (PreviewImporter) -> (artifact id: 'b7c8b91c47f76b3089188897c80607eb') in 0.268469 seconds
Number of updated asset objects reloaded before import = 0Number of asset objects unloaded after import = 2

========================================================================
Received Import Request.
  Time since last request: 0.000031 seconds.
  path: Assets/AnimeNaturalEnvironment/Materials/Grass Materials/MainDemoDepthFadeGrass.mat
  artifactKey: Guid(577b774b9cb6d374187e7ab0bdb1e10e) Importer(815301076,1909f56bfc062723c751e8b465ee728b)
Start importing Assets/AnimeNaturalEnvironment/Materials/Grass Materials/MainDemoDepthFadeGrass.mat using Guid(577b774b9cb6d374187e7ab0bdb1e10e) Importer(815301076,1909f56bfc062723c751e8b465ee728b) (PreviewImporter) -> (artifact id: 'c6185b89a2dd51402fb14d876d8a2f10') in 0.0270161 seconds
Number of updated asset objects reloaded before import = 0Number of asset objects unloaded after import = 2

========================================================================
Received Import Request.
  Time since last request: 14.147102 seconds.
  path: Assets/Photon/Fusion/Editor/EditorResources/Fusion-inline-box-2x.png
  artifactKey: Guid(80273e5c843674a3eae0b3c38a19a511) Importer(815301076,1909f56bfc062723c751e8b465ee728b)
Start importing Assets/Photon/Fusion/Editor/EditorResources/Fusion-inline-box-2x.png using Guid(80273e5c843674a3eae0b3c38a19a511) Importer(815301076,1909f56bfc062723c751e8b465ee728b) (PreviewImporter) -> (artifact id: 'a06d5944adf7df3120df1549a9c6a661') in 0.0474388 seconds
Number of updated asset objects reloaded before import = 0Number of asset objects unloaded after import = 3

========================================================================
Received Import Request.
  Time since last request: 0.000041 seconds.
  path: Assets/Photon/Fusion/Editor/EditorResources/Fusion-inline-selector.png
  artifactKey: Guid(95929fcf43db30546b27280e9f89777b) Importer(815301076,1909f56bfc062723c751e8b465ee728b)
Start importing Assets/Photon/Fusion/Editor/EditorResources/Fusion-inline-selector.png using Guid(95929fcf43db30546b27280e9f89777b) Importer(815301076,1909f56bfc062723c751e8b465ee728b) (PreviewImporter) -> (artifact id: '136fa885fcc132e6ee597e4c2e33225f') in 0.0275193 seconds
Number of updated asset objects reloaded before import = 0Number of asset objects unloaded after import = 3

========================================================================
Received Import Request.
  Time since last request: 0.000038 seconds.
  path: Assets/Photon/Fusion/Editor/EditorResources/Fusion-outline-box.png
  artifactKey: Guid(223390825bdf7f7488411f7b7ca1c776) Importer(815301076,1909f56bfc062723c751e8b465ee728b)
Start importing Assets/Photon/Fusion/Editor/EditorResources/Fusion-outline-box.png using Guid(223390825bdf7f7488411f7b7ca1c776) Importer(815301076,1909f56bfc062723c751e8b465ee728b) (PreviewImporter) -> (artifact id: 'ced2b2b3c9d971f139af77b6d4d52258') in 0.0231838 seconds
Number of updated asset objects reloaded before import = 0Number of asset objects unloaded after import = 3

========================================================================
Received Import Request.
  Time since last request: 0.000026 seconds.
  path: Assets/Photon/Fusion/Runtime/Statistics/StatsIcons/FusionStatsResetIcon.png
  artifactKey: Guid(d3f33adb909e26443914391fba875e4c) Importer(815301076,1909f56bfc062723c751e8b465ee728b)
Start importing Assets/Photon/Fusion/Runtime/Statistics/StatsIcons/FusionStatsResetIcon.png using Guid(d3f33adb909e26443914391fba875e4c) Importer(815301076,1909f56bfc062723c751e8b465ee728b) (PreviewImporter) -> (artifact id: '1a14b4a1193181d01744e8d75ea0b7ba') in 0.0239321 seconds
Number of updated asset objects reloaded before import = 0Number of asset objects unloaded after import = 3

========================================================================
Received Import Request.
  Time since last request: 0.000028 seconds.
  path: Assets/Terrain/TerrainSampleAssets/Textures/Details/Grass_A_MaskMap.tif
  artifactKey: Guid(e9a1c1b060b9b2c4989233f1037f9d5d) Importer(815301076,1909f56bfc062723c751e8b465ee728b)
Start importing Assets/Terrain/TerrainSampleAssets/Textures/Details/Grass_A_MaskMap.tif using Guid(e9a1c1b060b9b2c4989233f1037f9d5d) Importer(815301076,1909f56bfc062723c751e8b465ee728b) (PreviewImporter) -> (artifact id: 'cc4774934af010bcf422a6ee83210081') in 0.0216695 seconds
Number of updated asset objects reloaded before import = 0Number of asset objects unloaded after import = 2

========================================================================
Received Import Request.
  Time since last request: 0.000036 seconds.
  path: Assets/KayKit_Skeletons_1.0_FREE/samples/mage.png
  artifactKey: Guid(31e740ef114921f46a33765f1fb6c530) Importer(815301076,1909f56bfc062723c751e8b465ee728b)
Start importing Assets/KayKit_Skeletons_1.0_FREE/samples/mage.png using Guid(31e740ef114921f46a33765f1fb6c530) Importer(815301076,1909f56bfc062723c751e8b465ee728b) (PreviewImporter) -> (artifact id: 'e59968b177f25428e95ee4673270cee1') in 0.0234564 seconds
Number of updated asset objects reloaded before import = 0Number of asset objects unloaded after import = 2

========================================================================
Received Import Request.
  Time since last request: 0.000036 seconds.
  path: Assets/TextMesh Pro/Resources/Fonts & Materials/LiberationSans SDF - Fallback.asset
  artifactKey: Guid(2e498d1c8094910479dc3e1b768306a4) Importer(815301076,1909f56bfc062723c751e8b465ee728b)
Start importing Assets/TextMesh Pro/Resources/Fonts & Materials/LiberationSans SDF - Fallback.asset using Guid(2e498d1c8094910479dc3e1b768306a4) Importer(815301076,1909f56bfc062723c751e8b465ee728b) (PreviewImporter) -> (artifact id: 'eed74c80763195cc6d024f264c48a167') in 0.0636449 seconds
Number of updated asset objects reloaded before import = 0Number of asset objects unloaded after import = 6

========================================================================
Received Import Request.
  Time since last request: 0.000040 seconds.
  path: Assets/Terrain/TerrainSampleAssets/Textures/Details/Grass_C_BaseColor.tif
  artifactKey: Guid(696617d4dc7551d4cb58b7f30d022160) Importer(815301076,1909f56bfc062723c751e8b465ee728b)
Start importing Assets/Terrain/TerrainSampleAssets/Textures/Details/Grass_C_BaseColor.tif using Guid(696617d4dc7551d4cb58b7f30d022160) Importer(815301076,1909f56bfc062723c751e8b465ee728b) (PreviewImporter) -> (artifact id: 'f603ad44514fff96eaac7c4dea1706b2') in 0.0271822 seconds
Number of updated asset objects reloaded before import = 0Number of asset objects unloaded after import = 2

========================================================================
Received Import Request.
  Time since last request: 0.000027 seconds.
  path: Assets/Terrain/TerrainSampleAssets/Textures/Heightmaps/Mountain02_Heightmap.tif
  artifactKey: Guid(5b7433cfa322cdb4ba853ecd73127975) Importer(815301076,1909f56bfc062723c751e8b465ee728b)
Start importing Assets/Terrain/TerrainSampleAssets/Textures/Heightmaps/Mountain02_Heightmap.tif using Guid(5b7433cfa322cdb4ba853ecd73127975) Importer(815301076,1909f56bfc062723c751e8b465ee728b) (PreviewImporter) -> (artifact id: '6a8cbd8b93b5be99d97ae78d8a8eaf02') in 0.0269116 seconds
Number of updated asset objects reloaded before import = 0Number of asset objects unloaded after import = 2

========================================================================
Received Import Request.
  Time since last request: 0.000031 seconds.
  path: Assets/KayKit_Adventurers_1.0_FREE/Characters/fbx/knight_texture.png
  artifactKey: Guid(79dc43ec59b85db4aa0bfc9713af0850) Importer(815301076,1909f56bfc062723c751e8b465ee728b)
Start importing Assets/KayKit_Adventurers_1.0_FREE/Characters/fbx/knight_texture.png using Guid(79dc43ec59b85db4aa0bfc9713af0850) Importer(815301076,1909f56bfc062723c751e8b465ee728b) (PreviewImporter) -> (artifact id: '0a1e4e257561f768023b1d8b3c9788d7') in 0.013539 seconds
Number of updated asset objects reloaded before import = 0Number of asset objects unloaded after import = 2

========================================================================
Received Import Request.
  Time since last request: 0.000048 seconds.
  path: Assets/KayKit_Adventurers_1.0_FREE/Characters/gltf/mage_texture.png
  artifactKey: Guid(7429c4a071f1a534f81bd8258f460a8c) Importer(815301076,1909f56bfc062723c751e8b465ee728b)
Start importing Assets/KayKit_Adventurers_1.0_FREE/Characters/gltf/mage_texture.png using Guid(7429c4a071f1a534f81bd8258f460a8c) Importer(815301076,1909f56bfc062723c751e8b465ee728b) (PreviewImporter) -> (artifact id: 'f892e754405e3158dd1b2105b2b3fc43') in 0.0327535 seconds
Number of updated asset objects reloaded before import = 0Number of asset objects unloaded after import = 2

========================================================================
Received Import Request.
  Time since last request: 0.000031 seconds.
  path: Assets/Photon/Fusion/Editor/EditorResources/Fusion-logo.png
  artifactKey: Guid(58f8d5c3c5df6ee419821a5c345ebed1) Importer(815301076,1909f56bfc062723c751e8b465ee728b)
Start importing Assets/Photon/Fusion/Editor/EditorResources/Fusion-logo.png using Guid(58f8d5c3c5df6ee419821a5c345ebed1) Importer(815301076,1909f56bfc062723c751e8b465ee728b) (PreviewImporter) -> (artifact id: '9548de89ef950a03c4a574a6388c0c92') in 0.0378262 seconds
Number of updated asset objects reloaded before import = 0Number of asset objects unloaded after import = 3

========================================================================
Received Import Request.
  Time since last request: 0.000026 seconds.
  path: Assets/KayKit_Adventurers_1.0_FREE/Textures/mage_texture.png
  artifactKey: Guid(78fbf5366d2073b479f917a1bb070796) Importer(815301076,1909f56bfc062723c751e8b465ee728b)
Start importing Assets/KayKit_Adventurers_1.0_FREE/Textures/mage_texture.png using Guid(78fbf5366d2073b479f917a1bb070796) Importer(815301076,1909f56bfc062723c751e8b465ee728b) (PreviewImporter) -> (artifact id: 'dc05958a220ef7b0953b6bf568de3a6f') in 0.0170057 seconds
Number of updated asset objects reloaded before import = 0Number of asset objects unloaded after import = 2

========================================================================
Received Import Request.
  Time since last request: 0.000039 seconds.
  path: Assets/Terrain/TerrainSampleAssets/Textures/Heightmaps/Mountain03_Heightmap.tif
  artifactKey: Guid(eb8981774e4509b4ba09dcceaf8814d1) Importer(815301076,1909f56bfc062723c751e8b465ee728b)
Start importing Assets/Terrain/TerrainSampleAssets/Textures/Heightmaps/Mountain03_Heightmap.tif using Guid(eb8981774e4509b4ba09dcceaf8814d1) Importer(815301076,1909f56bfc062723c751e8b465ee728b) (PreviewImporter) -> (artifact id: 'b150ebe6b7f89be9d0395dc995e61c5e') in 0.0347702 seconds
Number of updated asset objects reloaded before import = 0Number of asset objects unloaded after import = 2

========================================================================
Received Import Request.
  Time since last request: 0.000042 seconds.
  path: Assets/KayKit_Adventurers_1.0_FREE/Assets/fbx/mage_texture.png
  artifactKey: Guid(3b9696b914d7169469ad468578691b74) Importer(815301076,1909f56bfc062723c751e8b465ee728b)
Start importing Assets/KayKit_Adventurers_1.0_FREE/Assets/fbx/mage_texture.png using Guid(3b9696b914d7169469ad468578691b74) Importer(815301076,1909f56bfc062723c751e8b465ee728b) (PreviewImporter) -> (artifact id: '5c7ed99e9ee781f83bb8bb3035520128') in 0.0097365 seconds
Number of updated asset objects reloaded before import = 0Number of asset objects unloaded after import = 2

========================================================================
Received Import Request.
  Time since last request: 0.000032 seconds.
  path: Assets/TextMesh Pro/Examples & Extras/Textures/Gradient Horizontal (Color).jpg
  artifactKey: Guid(6eb184de103d4b3f812b38561065192f) Importer(815301076,1909f56bfc062723c751e8b465ee728b)
Start importing Assets/TextMesh Pro/Examples & Extras/Textures/Gradient Horizontal (Color).jpg using Guid(6eb184de103d4b3f812b38561065192f) Importer(815301076,1909f56bfc062723c751e8b465ee728b) (PreviewImporter) -> (artifact id: '797c3c1cf0a14b09424970180884039d') in 0.0292265 seconds
Number of updated asset objects reloaded before import = 0Number of asset objects unloaded after import = 2

========================================================================
Received Import Request.
  Time since last request: 0.000251 seconds.
  path: Assets/Terrain/TerrainSampleAssets/Textures/Details/Heather_A_MaskMap.tif
  artifactKey: Guid(2acdbd081c9f4e7448a4885ecf259aaf) Importer(815301076,1909f56bfc062723c751e8b465ee728b)
Start importing Assets/Terrain/TerrainSampleAssets/Textures/Details/Heather_A_MaskMap.tif using Guid(2acdbd081c9f4e7448a4885ecf259aaf) Importer(815301076,1909f56bfc062723c751e8b465ee728b) (PreviewImporter) -> (artifact id: '64291a6e10430c72b0166ff05e8de1f2') in 0.0243791 seconds
Number of updated asset objects reloaded before import = 0Number of asset objects unloaded after import = 2

========================================================================
Received Import Request.
  Time since last request: 0.000038 seconds.
  path: Assets/Terrain/TerrainSampleAssets/Textures/Details/Grass_C_Normal.tif
  artifactKey: Guid(ec6838d3bd80287449a69dc40380ebc8) Importer(815301076,1909f56bfc062723c751e8b465ee728b)
Start importing Assets/Terrain/TerrainSampleAssets/Textures/Details/Grass_C_Normal.tif using Guid(ec6838d3bd80287449a69dc40380ebc8) Importer(815301076,1909f56bfc062723c751e8b465ee728b) (PreviewImporter) -> (artifact id: '97770d1dd099a34673e3252593d5fec7') in 0.0276362 seconds
Number of updated asset objects reloaded before import = 0Number of asset objects unloaded after import = 2

========================================================================
Received Import Request.
  Time since last request: 0.000042 seconds.
  path: Assets/Terrain/TerrainSampleAssets/Textures/Details/Heather_A_Normal.tif
  artifactKey: Guid(b5680c218e8592f489953c2723e3aac4) Importer(815301076,1909f56bfc062723c751e8b465ee728b)
Start importing Assets/Terrain/TerrainSampleAssets/Textures/Details/Heather_A_Normal.tif using Guid(b5680c218e8592f489953c2723e3aac4) Importer(815301076,1909f56bfc062723c751e8b465ee728b) (PreviewImporter) -> (artifact id: '8e76e1b0e67d892a50ab6acf95af6897') in 0.0373409 seconds
Number of updated asset objects reloaded before import = 0Number of asset objects unloaded after import = 2

========================================================================
Received Import Request.
  Time since last request: 0.000027 seconds.
  path: Assets/KayKit_Adventurers_1.0_FREE/Characters/gltf/knight_texture.png
  artifactKey: Guid(d94094cb59437df4ca8816e96a2e0c73) Importer(815301076,1909f56bfc062723c751e8b465ee728b)
Start importing Assets/KayKit_Adventurers_1.0_FREE/Characters/gltf/knight_texture.png using Guid(d94094cb59437df4ca8816e96a2e0c73) Importer(815301076,1909f56bfc062723c751e8b465ee728b) (PreviewImporter) -> (artifact id: '777303f3f9f1a0fbba3764a5f50d7cab') in 0.0120133 seconds
Number of updated asset objects reloaded before import = 0Number of asset objects unloaded after import = 2

========================================================================
Received Import Request.
  Time since last request: 0.000042 seconds.
  path: Assets/KayKit_Adventurers_1.0_FREE/Assets/fbx/knight_texture.png
  artifactKey: Guid(d8d637e9b3252164cb9748804c0f2a8c) Importer(815301076,1909f56bfc062723c751e8b465ee728b)
Start importing Assets/KayKit_Adventurers_1.0_FREE/Assets/fbx/knight_texture.png using Guid(d8d637e9b3252164cb9748804c0f2a8c) Importer(815301076,1909f56bfc062723c751e8b465ee728b) (PreviewImporter) -> (artifact id: '25823b7b37abbbbf641e1585138d063e') in 0.012088 seconds
Number of updated asset objects reloaded before import = 0Number of asset objects unloaded after import = 2

========================================================================
Received Import Request.
  Time since last request: 0.000117 seconds.
  path: Assets/Terrain/TerrainSampleAssets/Textures/Details/GrassDry_BaseColor.tif
  artifactKey: Guid(3785d5abd275c7147a10aa4bf8720df4) Importer(815301076,1909f56bfc062723c751e8b465ee728b)
Start importing Assets/Terrain/TerrainSampleAssets/Textures/Details/GrassDry_BaseColor.tif using Guid(3785d5abd275c7147a10aa4bf8720df4) Importer(815301076,1909f56bfc062723c751e8b465ee728b) (PreviewImporter) -> (artifact id: '05cbe0529697bbad4da14f61b6c1b888') in 0.0261558 seconds
Number of updated asset objects reloaded before import = 0Number of asset objects unloaded after import = 2

========================================================================
Received Import Request.
  Time since last request: 0.000039 seconds.
  path: Assets/Image/little symbols.png
  artifactKey: Guid(ba8d29275b4457447afc1295c366765d) Importer(815301076,1909f56bfc062723c751e8b465ee728b)
Start importing Assets/Image/little symbols.png using Guid(ba8d29275b4457447afc1295c366765d) Importer(815301076,1909f56bfc062723c751e8b465ee728b) (PreviewImporter) -> (artifact id: '7344411ecf6f9ecb606784974c5af161') in 0.0346203 seconds
Number of updated asset objects reloaded before import = 0Number of asset objects unloaded after import = 3

========================================================================
Received Import Request.
  Time since last request: 0.000030 seconds.
  path: Assets/Photon/Fusion/Editor/EditorResources/Fusion-light-help-button-off.png
  artifactKey: Guid(2d73479cf571d21409b2656fd24f7737) Importer(815301076,1909f56bfc062723c751e8b465ee728b)
Start importing Assets/Photon/Fusion/Editor/EditorResources/Fusion-light-help-button-off.png using Guid(2d73479cf571d21409b2656fd24f7737) Importer(815301076,1909f56bfc062723c751e8b465ee728b) (PreviewImporter) -> (artifact id: '3b3274218a12cfc845425d20088df86f') in 0.0292992 seconds
Number of updated asset objects reloaded before import = 0Number of asset objects unloaded after import = 3

========================================================================
Received Import Request.
  Time since last request: 0.000030 seconds.
  path: Assets/Photon/Fusion/Runtime/FusionBootstrapDebugGUIStartButtonDown.png
  artifactKey: Guid(c90b937da87ec4183bab56bc75798697) Importer(815301076,1909f56bfc062723c751e8b465ee728b)
Start importing Assets/Photon/Fusion/Runtime/FusionBootstrapDebugGUIStartButtonDown.png using Guid(c90b937da87ec4183bab56bc75798697) Importer(815301076,1909f56bfc062723c751e8b465ee728b) (PreviewImporter) -> (artifact id: 'c01c2c5adf64a43ca723e1e3e369c7f7') in 0.0246252 seconds
Number of updated asset objects reloaded before import = 0Number of asset objects unloaded after import = 2

========================================================================
Received Import Request.
  Time since last request: 0.000048 seconds.
  path: Assets/Terrain/TerrainSampleAssets/Textures/Heightmaps/Mountain01_Heightmap.tif
  artifactKey: Guid(6cfb129191988d84eafe31848415a233) Importer(815301076,1909f56bfc062723c751e8b465ee728b)
Start importing Assets/Terrain/TerrainSampleAssets/Textures/Heightmaps/Mountain01_Heightmap.tif using Guid(6cfb129191988d84eafe31848415a233) Importer(815301076,1909f56bfc062723c751e8b465ee728b) (PreviewImporter) -> (artifact id: 'cdfc37764e44f6a227128a64da3e2e81') in 0.0355447 seconds
Number of updated asset objects reloaded before import = 0Number of asset objects unloaded after import = 2

========================================================================
Received Import Request.
  Time since last request: 43.627024 seconds.
  path: Assets/Models/KayKit_Skeletons_1.0_FREE/assets/obj/Skeleton_Arrow_Half.obj
  artifactKey: Guid(20427515d01894640baadf75bd2add09) Importer(815301076,1909f56bfc062723c751e8b465ee728b)
Start importing Assets/Models/KayKit_Skeletons_1.0_FREE/assets/obj/Skeleton_Arrow_Half.obj using Guid(20427515d01894640baadf75bd2add09) Importer(815301076,1909f56bfc062723c751e8b465ee728b) (PreviewImporter) -> (artifact id: 'f06f2626b3a1e82d5792f4aff186f193') in 0.0500111 seconds
Number of updated asset objects reloaded before import = 0Number of asset objects unloaded after import = 11

========================================================================
Received Import Request.
  Time since last request: 0.000034 seconds.
  path: Assets/Models/KayKit_Skeletons_1.0_FREE/characters/fbx/Skeleton_Warrior.fbx
  artifactKey: Guid(ebad8d655333ed64fb95afc4b42970b2) Importer(815301076,1909f56bfc062723c751e8b465ee728b)
Start importing Assets/Models/KayKit_Skeletons_1.0_FREE/characters/fbx/Skeleton_Warrior.fbx using Guid(ebad8d655333ed64fb95afc4b42970b2) Importer(815301076,1909f56bfc062723c751e8b465ee728b) (PreviewImporter) -> (artifact id: '7a763d5d36b3921c9dd8d4b6d9358b7a') in 0.3336149 seconds
Number of updated asset objects reloaded before import = 0Number of asset objects unloaded after import = 227

========================================================================
Received Import Request.
  Time since last request: 0.000049 seconds.
  path: Assets/LiteFireEffect/Material/Base/Smoke_01.mat
  artifactKey: Guid(afad238031a6402489da5209c8a266eb) Importer(815301076,1909f56bfc062723c751e8b465ee728b)
Start importing Assets/LiteFireEffect/Material/Base/Smoke_01.mat using Guid(afad238031a6402489da5209c8a266eb) Importer(815301076,1909f56bfc062723c751e8b465ee728b) (PreviewImporter) -> (artifact id: '49155b880d2d0d1e36a17af6fb052de3') in 0.0273224 seconds
Number of updated asset objects reloaded before import = 0Number of asset objects unloaded after import = 4

========================================================================
Received Import Request.
  Time since last request: 0.000027 seconds.
  path: Assets/Models/KayKit_Skeletons_1.0_FREE/characters/fbx/Skeleton_Minion.fbx
  artifactKey: Guid(02b68e5956892994ea6099c4eda11d99) Importer(815301076,1909f56bfc062723c751e8b465ee728b)
Start importing Assets/Models/KayKit_Skeletons_1.0_FREE/characters/fbx/Skeleton_Minion.fbx using Guid(02b68e5956892994ea6099c4eda11d99) Importer(815301076,1909f56bfc062723c751e8b465ee728b) (PreviewImporter) -> (artifact id: 'ed48d8bd49c1201177ff2c1190afcdc7') in 0.2594642 seconds
Number of updated asset objects reloaded before import = 0Number of asset objects unloaded after import = 222

========================================================================
Received Import Request.
  Time since last request: 0.000036 seconds.
  path: Packages/com.unity.render-pipelines.universal/Shaders/2D/VFXSpriteUnlit.shadergraph
  artifactKey: Guid(d7288f66e4fb0634c9afef98c31b722a) Importer(815301076,1909f56bfc062723c751e8b465ee728b)
Start importing Packages/com.unity.render-pipelines.universal/Shaders/2D/VFXSpriteUnlit.shadergraph using Guid(d7288f66e4fb0634c9afef98c31b722a) Importer(815301076,1909f56bfc062723c751e8b465ee728b) (PreviewImporter) -> (artifact id: '3bd49d16bc0f261e0b25184725bf5d24') in 0.3137724 seconds
Number of updated asset objects reloaded before import = 0Number of asset objects unloaded after import = 3

========================================================================
Received Import Request.
  Time since last request: 0.000036 seconds.
  path: Packages/com.unity.render-pipelines.universal/Shaders/Nature/SpeedTree9_URP.shadergraph
  artifactKey: Guid(cbd3e1cc4ae141c42a30e33b4d666a61) Importer(815301076,1909f56bfc062723c751e8b465ee728b)
Start importing Packages/com.unity.render-pipelines.universal/Shaders/Nature/SpeedTree9_URP.shadergraph using Guid(cbd3e1cc4ae141c42a30e33b4d666a61) Importer(815301076,1909f56bfc062723c751e8b465ee728b) (PreviewImporter) -> (artifact id: '1f206f3fb4d35a747d9b8aa7abb21b3c') in 8.2481675 seconds
Number of updated asset objects reloaded before import = 0Number of asset objects unloaded after import = 0

========================================================================
Received Import Request.
  Time since last request: 0.000100 seconds.
  path: Assets/Models/KayKit_Skeletons_1.0_FREE/assets/fbx(unity)/Skeleton_Arrow.fbx
  artifactKey: Guid(024074460b7421f44b866a7e1c236beb) Importer(815301076,1909f56bfc062723c751e8b465ee728b)
Start importing Assets/Models/KayKit_Skeletons_1.0_FREE/assets/fbx(unity)/Skeleton_Arrow.fbx using Guid(024074460b7421f44b866a7e1c236beb) Importer(815301076,1909f56bfc062723c751e8b465ee728b) (PreviewImporter) -> (artifact id: '81df421b0d56551785149cbebd62db38') in 0.0620054 seconds
Number of updated asset objects reloaded before import = 0Number of asset objects unloaded after import = 9

========================================================================
Received Import Request.
  Time since last request: 0.000061 seconds.
  path: Assets/TextMesh Pro/Examples & Extras/Resources/Fonts & Materials/Unity SDF - HDRP LIT - Outline.mat
  artifactKey: Guid(967f61bb1e3e28645a39e0cb647cc79e) Importer(815301076,1909f56bfc062723c751e8b465ee728b)
Start importing Assets/TextMesh Pro/Examples & Extras/Resources/Fonts & Materials/Unity SDF - HDRP LIT - Outline.mat using Guid(967f61bb1e3e28645a39e0cb647cc79e) Importer(815301076,1909f56bfc062723c751e8b465ee728b) (PreviewImporter) -> (artifact id: '0c626b8c5e9ae0b2d0253735a7cff64b') in 0.0482572 seconds
Number of updated asset objects reloaded before import = 0Number of asset objects unloaded after import = 3

========================================================================
Received Import Request.
  Time since last request: 0.000062 seconds.
  path: Assets/Models/KayKit_Skeletons_1.0_FREE/assets/fbx/Skeleton_Arrow_Broken_Half.fbx
  artifactKey: Guid(df1bd2ca536d4f440ad83a5d4371bae9) Importer(815301076,1909f56bfc062723c751e8b465ee728b)
Start importing Assets/Models/KayKit_Skeletons_1.0_FREE/assets/fbx/Skeleton_Arrow_Broken_Half.fbx using Guid(df1bd2ca536d4f440ad83a5d4371bae9) Importer(815301076,1909f56bfc062723c751e8b465ee728b) (PreviewImporter) -> (artifact id: '1e937ce5510b674365773ac20bb8f8ef') in 0.0640704 seconds
Number of updated asset objects reloaded before import = 0Number of asset objects unloaded after import = 9

========================================================================
Received Import Request.
  Time since last request: 0.000061 seconds.
  path: Assets/KayKit_Skeletons_1.0_FREE/characters/fbx/Skeleton_Warrior.fbx
  artifactKey: Guid(809468c558d8fd1439874344a7404679) Importer(815301076,1909f56bfc062723c751e8b465ee728b)
Start importing Assets/KayKit_Skeletons_1.0_FREE/characters/fbx/Skeleton_Warrior.fbx using Guid(809468c558d8fd1439874344a7404679) Importer(815301076,1909f56bfc062723c751e8b465ee728b) (PreviewImporter) -> (artifact id: 'a91b60713e1069ed41488749d35bbb38') in 0.4419474 seconds
Number of updated asset objects reloaded before import = 0Number of asset objects unloaded after import = 227

========================================================================
Received Import Request.
  Time since last request: 0.000147 seconds.
  path: Assets/LiteFireEffect/Material/Skill/Smoke_Blend_01.mat
  artifactKey: Guid(231d3ae1fbdb46c4985625133d1d2fea) Importer(815301076,1909f56bfc062723c751e8b465ee728b)
Start importing Assets/LiteFireEffect/Material/Skill/Smoke_Blend_01.mat using Guid(231d3ae1fbdb46c4985625133d1d2fea) Importer(815301076,1909f56bfc062723c751e8b465ee728b) (PreviewImporter) -> (artifact id: '2233b6fbdf6b98af5719e3140f1e4373') in 0.0384286 seconds
Number of updated asset objects reloaded before import = 0Number of asset objects unloaded after import = 2

========================================================================
Received Import Request.
  Time since last request: 0.000052 seconds.
  path: Assets/Models/KayKit_Skeletons_1.0_FREE/assets/obj/Skeleton_Shield_Large_B.obj
  artifactKey: Guid(aa5e6bd8e16be454fb199c78a86268a1) Importer(815301076,1909f56bfc062723c751e8b465ee728b)
Start importing Assets/Models/KayKit_Skeletons_1.0_FREE/assets/obj/Skeleton_Shield_Large_B.obj using Guid(aa5e6bd8e16be454fb199c78a86268a1) Importer(815301076,1909f56bfc062723c751e8b465ee728b) (PreviewImporter) -> (artifact id: 'feba8e1a37e13d93c128aee5c57edec0') in 0.0741879 seconds
Number of updated asset objects reloaded before import = 0Number of asset objects unloaded after import = 11

========================================================================
Received Import Request.
  Time since last request: 0.000053 seconds.
  path: Assets/Models/KayKit_Skeletons_1.0_FREE/assets/fbx/Skeleton_Shield_Small_A.fbx
  artifactKey: Guid(22e662603804af445b9fdee4355bf000) Importer(815301076,1909f56bfc062723c751e8b465ee728b)
Start importing Assets/Models/KayKit_Skeletons_1.0_FREE/assets/fbx/Skeleton_Shield_Small_A.fbx using Guid(22e662603804af445b9fdee4355bf000) Importer(815301076,1909f56bfc062723c751e8b465ee728b) (PreviewImporter) -> (artifact id: '9bbe4b16a18c86fd03eeb30ae7039d73') in 0.0557108 seconds
Number of updated asset objects reloaded before import = 0Number of asset objects unloaded after import = 9

========================================================================
Received Import Request.
  Time since last request: 0.000062 seconds.
  path: Assets/Models/KayKit_Skeletons_1.0_FREE/assets/obj/Skeleton_Quiver.obj
  artifactKey: Guid(a9b641fdef2a45442b20b95a349c0230) Importer(815301076,1909f56bfc062723c751e8b465ee728b)
Start importing Assets/Models/KayKit_Skeletons_1.0_FREE/assets/obj/Skeleton_Quiver.obj using Guid(a9b641fdef2a45442b20b95a349c0230) Importer(815301076,1909f56bfc062723c751e8b465ee728b) (PreviewImporter) -> (artifact id: '27dd585b77a7d1ad9dcdc1ac1ada5b14') in 0.0807143 seconds
Number of updated asset objects reloaded before import = 0Number of asset objects unloaded after import = 11

========================================================================
Received Import Request.
  Time since last request: 0.000054 seconds.
  path: Assets/Models/KayKit_Skeletons_1.0_FREE/characters/fbx/Skeleton_Rogue.fbx
  artifactKey: Guid(7e860d78004360443ad138132a8efd8b) Importer(815301076,1909f56bfc062723c751e8b465ee728b)
Start importing Assets/Models/KayKit_Skeletons_1.0_FREE/characters/fbx/Skeleton_Rogue.fbx using Guid(7e860d78004360443ad138132a8efd8b) Importer(815301076,1909f56bfc062723c751e8b465ee728b) (PreviewImporter) -> (artifact id: '79a3ab6cf08938629f78f7d19fb174df') in 0.4170252 seconds
Number of updated asset objects reloaded before import = 0Number of asset objects unloaded after import = 228

Editor requested this worker to shutdown with reason: Scaling down because of idle timeout
AssetImportWorker is now disconnected from the server
Process exiting
Exiting without the bug reporter. Application will terminate with return code 0